The MPI test test_mpi for C in mode normal failed to compile with the following output:
Change Dir: /home/illia/Documents/ONPU/multi-threading/cmake-build-debug/CMakeFiles/CMakeTmp

Run Build Command(s):/usr/bin/make cmTC_60f4e/fast && make[1]: Entering directory '/home/illia/Documents/ONPU/multi-threading/cmake-build-debug/CMakeFiles/CMakeTmp'
/usr/bin/make -f CMakeFiles/cmTC_60f4e.dir/build.make CMakeFiles/cmTC_60f4e.dir/build
make[2]: Entering directory '/home/illia/Documents/ONPU/multi-threading/cmake-build-debug/CMakeFiles/CMakeTmp'
Building C object CMakeFiles/cmTC_60f4e.dir/test_mpi.c.o
/usr/bin/cc    -o CMakeFiles/cmTC_60f4e.dir/test_mpi.c.o   -c /home/illia/.local/share/JetBrains/Toolbox/apps/CLion/ch-0/201.7223.86/bin/cmake/linux/share/cmake-3.16/Modules/FindMPI/test_mpi.c
/home/illia/.local/share/JetBrains/Toolbox/apps/CLion/ch-0/201.7223.86/bin/cmake/linux/share/cmake-3.16/Modules/FindMPI/test_mpi.c:1:10: fatal error: mpi.h: No such file or directory
 #include <mpi.h>
          ^~~~~~~
compilation terminated.
CMakeFiles/cmTC_60f4e.dir/build.make:65: recipe for target 'CMakeFiles/cmTC_60f4e.dir/test_mpi.c.o' failed
make[2]: *** [CMakeFiles/cmTC_60f4e.dir/test_mpi.c.o] Error 1
make[2]: Leaving directory '/home/illia/Documents/ONPU/multi-threading/cmake-build-debug/CMakeFiles/CMakeTmp'
Makefile:121: recipe for target 'cmTC_60f4e/fast' failed
make[1]: *** [cmTC_60f4e/fast] Error 2
make[1]: Leaving directory '/home/illia/Documents/ONPU/multi-threading/cmake-build-debug/CMakeFiles/CMakeTmp'



The MPI test test_mpi for CXX in mode normal failed to compile with the following output:
Change Dir: /home/illia/Documents/ONPU/multi-threading/cmake-build-debug/CMakeFiles/CMakeTmp

Run Build Command(s):/usr/bin/make cmTC_6132a/fast && make[1]: Entering directory '/home/illia/Documents/ONPU/multi-threading/cmake-build-debug/CMakeFiles/CMakeTmp'
/usr/bin/make -f CMakeFiles/cmTC_6132a.dir/build.make CMakeFiles/cmTC_6132a.dir/build
make[2]: Entering directory '/home/illia/Documents/ONPU/multi-threading/cmake-build-debug/CMakeFiles/CMakeTmp'
Building CXX object CMakeFiles/cmTC_6132a.dir/test_mpi.cpp.o
/usr/bin/c++    -fopenmp    -std=gnu++1z -o CMakeFiles/cmTC_6132a.dir/test_mpi.cpp.o -c /home/illia/Documents/ONPU/multi-threading/cmake-build-debug/CMakeFiles/FindMPI/test_mpi.cpp
/home/illia/Documents/ONPU/multi-threading/cmake-build-debug/CMakeFiles/FindMPI/test_mpi.cpp:1:10: fatal error: mpi.h: No such file or directory
 #include <mpi.h>
          ^~~~~~~
compilation terminated.
CMakeFiles/cmTC_6132a.dir/build.make:65: recipe for target 'CMakeFiles/cmTC_6132a.dir/test_mpi.cpp.o' failed
make[2]: *** [CMakeFiles/cmTC_6132a.dir/test_mpi.cpp.o] Error 1
make[2]: Leaving directory '/home/illia/Documents/ONPU/multi-threading/cmake-build-debug/CMakeFiles/CMakeTmp'
Makefile:121: recipe for target 'cmTC_6132a/fast' failed
make[1]: *** [cmTC_6132a/fast] Error 2
make[1]: Leaving directory '/home/illia/Documents/ONPU/multi-threading/cmake-build-debug/CMakeFiles/CMakeTmp'



The MPI test test_mpi for C in mode normal failed to compile with the following output:
Change Dir: /home/illia/Documents/ONPU/multi-threading/cmake-build-debug/CMakeFiles/CMakeTmp

Run Build Command(s):/usr/bin/make cmTC_15928/fast && make[1]: Entering directory '/home/illia/Documents/ONPU/multi-threading/cmake-build-debug/CMakeFiles/CMakeTmp'
/usr/bin/make -f CMakeFiles/cmTC_15928.dir/build.make CMakeFiles/cmTC_15928.dir/build
make[2]: Entering directory '/home/illia/Documents/ONPU/multi-threading/cmake-build-debug/CMakeFiles/CMakeTmp'
Building C object CMakeFiles/cmTC_15928.dir/test_mpi.c.o
/usr/bin/cc    -o CMakeFiles/cmTC_15928.dir/test_mpi.c.o   -c /home/illia/.local/share/JetBrains/Toolbox/apps/CLion/ch-0/201.7223.86/bin/cmake/linux/share/cmake-3.16/Modules/FindMPI/test_mpi.c
/home/illia/.local/share/JetBrains/Toolbox/apps/CLion/ch-0/201.7223.86/bin/cmake/linux/share/cmake-3.16/Modules/FindMPI/test_mpi.c:1:10: fatal error: mpi.h: No such file or directory
 #include <mpi.h>
          ^~~~~~~
compilation terminated.
CMakeFiles/cmTC_15928.dir/build.make:65: recipe for target 'CMakeFiles/cmTC_15928.dir/test_mpi.c.o' failed
make[2]: *** [CMakeFiles/cmTC_15928.dir/test_mpi.c.o] Error 1
make[2]: Leaving directory '/home/illia/Documents/ONPU/multi-threading/cmake-build-debug/CMakeFiles/CMakeTmp'
Makefile:121: recipe for target 'cmTC_15928/fast' failed
make[1]: *** [cmTC_15928/fast] Error 2
make[1]: Leaving directory '/home/illia/Documents/ONPU/multi-threading/cmake-build-debug/CMakeFiles/CMakeTmp'



The MPI test test_mpi for CXX in mode normal failed to compile with the following output:
Change Dir: /home/illia/Documents/ONPU/multi-threading/cmake-build-debug/CMakeFiles/CMakeTmp

Run Build Command(s):/usr/bin/make cmTC_52f68/fast && make[1]: Entering directory '/home/illia/Documents/ONPU/multi-threading/cmake-build-debug/CMakeFiles/CMakeTmp'
/usr/bin/make -f CMakeFiles/cmTC_52f68.dir/build.make CMakeFiles/cmTC_52f68.dir/build
make[2]: Entering directory '/home/illia/Documents/ONPU/multi-threading/cmake-build-debug/CMakeFiles/CMakeTmp'
Building CXX object CMakeFiles/cmTC_52f68.dir/test_mpi.cpp.o
/usr/bin/c++    -fopenmp    -std=gnu++1z -o CMakeFiles/cmTC_52f68.dir/test_mpi.cpp.o -c /home/illia/Documents/ONPU/multi-threading/cmake-build-debug/CMakeFiles/FindMPI/test_mpi.cpp
/home/illia/Documents/ONPU/multi-threading/cmake-build-debug/CMakeFiles/FindMPI/test_mpi.cpp:1:10: fatal error: mpi.h: No such file or directory
 #include <mpi.h>
          ^~~~~~~
compilation terminated.
CMakeFiles/cmTC_52f68.dir/build.make:65: recipe for target 'CMakeFiles/cmTC_52f68.dir/test_mpi.cpp.o' failed
make[2]: *** [CMakeFiles/cmTC_52f68.dir/test_mpi.cpp.o] Error 1
make[2]: Leaving directory '/home/illia/Documents/ONPU/multi-threading/cmake-build-debug/CMakeFiles/CMakeTmp'
Makefile:121: recipe for target 'cmTC_52f68/fast' failed
make[1]: *** [cmTC_52f68/fast] Error 2
make[1]: Leaving directory '/home/illia/Documents/ONPU/multi-threading/cmake-build-debug/CMakeFiles/CMakeTmp'



The MPI test test_mpi for C in mode normal failed to compile with the following output:
Change Dir: /home/illia/Documents/ONPU/multi-threading/cmake-build-debug/CMakeFiles/CMakeTmp

Run Build Command(s):/usr/bin/make cmTC_56d97/fast && make[1]: Entering directory '/home/illia/Documents/ONPU/multi-threading/cmake-build-debug/CMakeFiles/CMakeTmp'
/usr/bin/make -f CMakeFiles/cmTC_56d97.dir/build.make CMakeFiles/cmTC_56d97.dir/build
make[2]: Entering directory '/home/illia/Documents/ONPU/multi-threading/cmake-build-debug/CMakeFiles/CMakeTmp'
Building C object CMakeFiles/cmTC_56d97.dir/test_mpi.c.o
/usr/bin/cc    -o CMakeFiles/cmTC_56d97.dir/test_mpi.c.o   -c /home/illia/.local/share/JetBrains/Toolbox/apps/CLion/ch-0/201.7223.86/bin/cmake/linux/share/cmake-3.16/Modules/FindMPI/test_mpi.c
/home/illia/.local/share/JetBrains/Toolbox/apps/CLion/ch-0/201.7223.86/bin/cmake/linux/share/cmake-3.16/Modules/FindMPI/test_mpi.c:1:10: fatal error: mpi.h: No such file or directory
 #include <mpi.h>
          ^~~~~~~
compilation terminated.
CMakeFiles/cmTC_56d97.dir/build.make:65: recipe for target 'CMakeFiles/cmTC_56d97.dir/test_mpi.c.o' failed
make[2]: *** [CMakeFiles/cmTC_56d97.dir/test_mpi.c.o] Error 1
make[2]: Leaving directory '/home/illia/Documents/ONPU/multi-threading/cmake-build-debug/CMakeFiles/CMakeTmp'
Makefile:121: recipe for target 'cmTC_56d97/fast' failed
make[1]: *** [cmTC_56d97/fast] Error 2
make[1]: Leaving directory '/home/illia/Documents/ONPU/multi-threading/cmake-build-debug/CMakeFiles/CMakeTmp'



The MPI test test_mpi for CXX in mode normal failed to compile with the following output:
Change Dir: /home/illia/Documents/ONPU/multi-threading/cmake-build-debug/CMakeFiles/CMakeTmp

Run Build Command(s):/usr/bin/make cmTC_14c02/fast && make[1]: Entering directory '/home/illia/Documents/ONPU/multi-threading/cmake-build-debug/CMakeFiles/CMakeTmp'
/usr/bin/make -f CMakeFiles/cmTC_14c02.dir/build.make CMakeFiles/cmTC_14c02.dir/build
make[2]: Entering directory '/home/illia/Documents/ONPU/multi-threading/cmake-build-debug/CMakeFiles/CMakeTmp'
Building CXX object CMakeFiles/cmTC_14c02.dir/test_mpi.cpp.o
/usr/bin/c++    -fopenmp    -std=gnu++1z -o CMakeFiles/cmTC_14c02.dir/test_mpi.cpp.o -c /home/illia/Documents/ONPU/multi-threading/cmake-build-debug/CMakeFiles/FindMPI/test_mpi.cpp
/home/illia/Documents/ONPU/multi-threading/cmake-build-debug/CMakeFiles/FindMPI/test_mpi.cpp:1:10: fatal error: mpi.h: No such file or directory
 #include <mpi.h>
          ^~~~~~~
compilation terminated.
CMakeFiles/cmTC_14c02.dir/build.make:65: recipe for target 'CMakeFiles/cmTC_14c02.dir/test_mpi.cpp.o' failed
make[2]: *** [CMakeFiles/cmTC_14c02.dir/test_mpi.cpp.o] Error 1
make[2]: Leaving directory '/home/illia/Documents/ONPU/multi-threading/cmake-build-debug/CMakeFiles/CMakeTmp'
Makefile:121: recipe for target 'cmTC_14c02/fast' failed
make[1]: *** [cmTC_14c02/fast] Error 2
make[1]: Leaving directory '/home/illia/Documents/ONPU/multi-threading/cmake-build-debug/CMakeFiles/CMakeTmp'



The MPI test test_mpi for C in mode normal failed to compile with the following output:
Change Dir: /home/illia/Documents/ONPU/multi-threading/cmake-build-debug/CMakeFiles/CMakeTmp

Run Build Command(s):/usr/bin/make cmTC_a723a/fast && make[1]: Entering directory '/home/illia/Documents/ONPU/multi-threading/cmake-build-debug/CMakeFiles/CMakeTmp'
/usr/bin/make -f CMakeFiles/cmTC_a723a.dir/build.make CMakeFiles/cmTC_a723a.dir/build
make[2]: Entering directory '/home/illia/Documents/ONPU/multi-threading/cmake-build-debug/CMakeFiles/CMakeTmp'
Building C object CMakeFiles/cmTC_a723a.dir/test_mpi.c.o
/usr/bin/cc    -o CMakeFiles/cmTC_a723a.dir/test_mpi.c.o   -c /home/illia/.local/share/JetBrains/Toolbox/apps/CLion/ch-0/201.7223.86/bin/cmake/linux/share/cmake-3.16/Modules/FindMPI/test_mpi.c
/home/illia/.local/share/JetBrains/Toolbox/apps/CLion/ch-0/201.7223.86/bin/cmake/linux/share/cmake-3.16/Modules/FindMPI/test_mpi.c:1:10: fatal error: mpi.h: No such file or directory
 #include <mpi.h>
          ^~~~~~~
compilation terminated.
CMakeFiles/cmTC_a723a.dir/build.make:65: recipe for target 'CMakeFiles/cmTC_a723a.dir/test_mpi.c.o' failed
make[2]: *** [CMakeFiles/cmTC_a723a.dir/test_mpi.c.o] Error 1
make[2]: Leaving directory '/home/illia/Documents/ONPU/multi-threading/cmake-build-debug/CMakeFiles/CMakeTmp'
Makefile:121: recipe for target 'cmTC_a723a/fast' failed
make[1]: *** [cmTC_a723a/fast] Error 2
make[1]: Leaving directory '/home/illia/Documents/ONPU/multi-threading/cmake-build-debug/CMakeFiles/CMakeTmp'



The MPI test test_mpi for CXX in mode normal failed to compile with the following output:
Change Dir: /home/illia/Documents/ONPU/multi-threading/cmake-build-debug/CMakeFiles/CMakeTmp

Run Build Command(s):/usr/bin/make cmTC_c335a/fast && make[1]: Entering directory '/home/illia/Documents/ONPU/multi-threading/cmake-build-debug/CMakeFiles/CMakeTmp'
/usr/bin/make -f CMakeFiles/cmTC_c335a.dir/build.make CMakeFiles/cmTC_c335a.dir/build
make[2]: Entering directory '/home/illia/Documents/ONPU/multi-threading/cmake-build-debug/CMakeFiles/CMakeTmp'
Building CXX object CMakeFiles/cmTC_c335a.dir/test_mpi.cpp.o
/usr/bin/c++    -fopenmp    -std=gnu++1z -o CMakeFiles/cmTC_c335a.dir/test_mpi.cpp.o -c /home/illia/Documents/ONPU/multi-threading/cmake-build-debug/CMakeFiles/FindMPI/test_mpi.cpp
/home/illia/Documents/ONPU/multi-threading/cmake-build-debug/CMakeFiles/FindMPI/test_mpi.cpp:1:10: fatal error: mpi.h: No such file or directory
 #include <mpi.h>
          ^~~~~~~
compilation terminated.
CMakeFiles/cmTC_c335a.dir/build.make:65: recipe for target 'CMakeFiles/cmTC_c335a.dir/test_mpi.cpp.o' failed
make[2]: *** [CMakeFiles/cmTC_c335a.dir/test_mpi.cpp.o] Error 1
make[2]: Leaving directory '/home/illia/Documents/ONPU/multi-threading/cmake-build-debug/CMakeFiles/CMakeTmp'
Makefile:121: recipe for target 'cmTC_c335a/fast' failed
make[1]: *** [cmTC_c335a/fast] Error 2
make[1]: Leaving directory '/home/illia/Documents/ONPU/multi-threading/cmake-build-debug/CMakeFiles/CMakeTmp'



The MPI test test_mpi for C in mode normal failed to compile with the following output:
Change Dir: /home/illia/Documents/ONPU/multi-threading/cmake-build-debug/CMakeFiles/CMakeTmp

Run Build Command(s):/usr/bin/make cmTC_e357b/fast && make[1]: Entering directory '/home/illia/Documents/ONPU/multi-threading/cmake-build-debug/CMakeFiles/CMakeTmp'
/usr/bin/make -f CMakeFiles/cmTC_e357b.dir/build.make CMakeFiles/cmTC_e357b.dir/build
make[2]: Entering directory '/home/illia/Documents/ONPU/multi-threading/cmake-build-debug/CMakeFiles/CMakeTmp'
Building C object CMakeFiles/cmTC_e357b.dir/test_mpi.c.o
/usr/bin/cc    -o CMakeFiles/cmTC_e357b.dir/test_mpi.c.o   -c /home/illia/.local/share/JetBrains/Toolbox/apps/CLion/ch-0/201.7223.86/bin/cmake/linux/share/cmake-3.16/Modules/FindMPI/test_mpi.c
/home/illia/.local/share/JetBrains/Toolbox/apps/CLion/ch-0/201.7223.86/bin/cmake/linux/share/cmake-3.16/Modules/FindMPI/test_mpi.c:1:10: fatal error: mpi.h: No such file or directory
 #include <mpi.h>
          ^~~~~~~
compilation terminated.
CMakeFiles/cmTC_e357b.dir/build.make:65: recipe for target 'CMakeFiles/cmTC_e357b.dir/test_mpi.c.o' failed
make[2]: *** [CMakeFiles/cmTC_e357b.dir/test_mpi.c.o] Error 1
make[2]: Leaving directory '/home/illia/Documents/ONPU/multi-threading/cmake-build-debug/CMakeFiles/CMakeTmp'
Makefile:121: recipe for target 'cmTC_e357b/fast' failed
make[1]: *** [cmTC_e357b/fast] Error 2
make[1]: Leaving directory '/home/illia/Documents/ONPU/multi-threading/cmake-build-debug/CMakeFiles/CMakeTmp'



The MPI test test_mpi for CXX in mode normal failed to compile with the following output:
Change Dir: /home/illia/Documents/ONPU/multi-threading/cmake-build-debug/CMakeFiles/CMakeTmp

Run Build Command(s):/usr/bin/make cmTC_34218/fast && make[1]: Entering directory '/home/illia/Documents/ONPU/multi-threading/cmake-build-debug/CMakeFiles/CMakeTmp'
/usr/bin/make -f CMakeFiles/cmTC_34218.dir/build.make CMakeFiles/cmTC_34218.dir/build
make[2]: Entering directory '/home/illia/Documents/ONPU/multi-threading/cmake-build-debug/CMakeFiles/CMakeTmp'
Building CXX object CMakeFiles/cmTC_34218.dir/test_mpi.cpp.o
/usr/bin/c++    -fopenmp    -std=gnu++1z -o CMakeFiles/cmTC_34218.dir/test_mpi.cpp.o -c /home/illia/Documents/ONPU/multi-threading/cmake-build-debug/CMakeFiles/FindMPI/test_mpi.cpp
/home/illia/Documents/ONPU/multi-threading/cmake-build-debug/CMakeFiles/FindMPI/test_mpi.cpp:1:10: fatal error: mpi.h: No such file or directory
 #include <mpi.h>
          ^~~~~~~
compilation terminated.
CMakeFiles/cmTC_34218.dir/build.make:65: recipe for target 'CMakeFiles/cmTC_34218.dir/test_mpi.cpp.o' failed
make[2]: *** [CMakeFiles/cmTC_34218.dir/test_mpi.cpp.o] Error 1
make[2]: Leaving directory '/home/illia/Documents/ONPU/multi-threading/cmake-build-debug/CMakeFiles/CMakeTmp'
Makefile:121: recipe for target 'cmTC_34218/fast' failed
make[1]: *** [cmTC_34218/fast] Error 2
make[1]: Leaving directory '/home/illia/Documents/ONPU/multi-threading/cmake-build-debug/CMakeFiles/CMakeTmp'



The MPI test test_mpi for C in mode normal failed to compile with the following output:
Change Dir: /home/illia/Documents/ONPU/multi-threading/cmake-build-debug/CMakeFiles/CMakeTmp

Run Build Command(s):/usr/bin/make cmTC_114ec/fast && make[1]: Entering directory '/home/illia/Documents/ONPU/multi-threading/cmake-build-debug/CMakeFiles/CMakeTmp'
/usr/bin/make -f CMakeFiles/cmTC_114ec.dir/build.make CMakeFiles/cmTC_114ec.dir/build
make[2]: Entering directory '/home/illia/Documents/ONPU/multi-threading/cmake-build-debug/CMakeFiles/CMakeTmp'
Building C object CMakeFiles/cmTC_114ec.dir/test_mpi.c.o
/usr/bin/cc    -o CMakeFiles/cmTC_114ec.dir/test_mpi.c.o   -c /home/illia/.local/share/JetBrains/Toolbox/apps/CLion/ch-0/201.7223.86/bin/cmake/linux/share/cmake-3.16/Modules/FindMPI/test_mpi.c
/home/illia/.local/share/JetBrains/Toolbox/apps/CLion/ch-0/201.7223.86/bin/cmake/linux/share/cmake-3.16/Modules/FindMPI/test_mpi.c:1:10: fatal error: mpi.h: No such file or directory
 #include <mpi.h>
          ^~~~~~~
compilation terminated.
CMakeFiles/cmTC_114ec.dir/build.make:65: recipe for target 'CMakeFiles/cmTC_114ec.dir/test_mpi.c.o' failed
make[2]: *** [CMakeFiles/cmTC_114ec.dir/test_mpi.c.o] Error 1
make[2]: Leaving directory '/home/illia/Documents/ONPU/multi-threading/cmake-build-debug/CMakeFiles/CMakeTmp'
Makefile:121: recipe for target 'cmTC_114ec/fast' failed
make[1]: *** [cmTC_114ec/fast] Error 2
make[1]: Leaving directory '/home/illia/Documents/ONPU/multi-threading/cmake-build-debug/CMakeFiles/CMakeTmp'



The MPI test test_mpi for CXX in mode normal failed to compile with the following output:
Change Dir: /home/illia/Documents/ONPU/multi-threading/cmake-build-debug/CMakeFiles/CMakeTmp

Run Build Command(s):/usr/bin/make cmTC_b3864/fast && make[1]: Entering directory '/home/illia/Documents/ONPU/multi-threading/cmake-build-debug/CMakeFiles/CMakeTmp'
/usr/bin/make -f CMakeFiles/cmTC_b3864.dir/build.make CMakeFiles/cmTC_b3864.dir/build
make[2]: Entering directory '/home/illia/Documents/ONPU/multi-threading/cmake-build-debug/CMakeFiles/CMakeTmp'
Building CXX object CMakeFiles/cmTC_b3864.dir/test_mpi.cpp.o
/usr/bin/c++    -fopenmp    -std=gnu++1z -o CMakeFiles/cmTC_b3864.dir/test_mpi.cpp.o -c /home/illia/Documents/ONPU/multi-threading/cmake-build-debug/CMakeFiles/FindMPI/test_mpi.cpp
/home/illia/Documents/ONPU/multi-threading/cmake-build-debug/CMakeFiles/FindMPI/test_mpi.cpp:1:10: fatal error: mpi.h: No such file or directory
 #include <mpi.h>
          ^~~~~~~
compilation terminated.
CMakeFiles/cmTC_b3864.dir/build.make:65: recipe for target 'CMakeFiles/cmTC_b3864.dir/test_mpi.cpp.o' failed
make[2]: *** [CMakeFiles/cmTC_b3864.dir/test_mpi.cpp.o] Error 1
make[2]: Leaving directory '/home/illia/Documents/ONPU/multi-threading/cmake-build-debug/CMakeFiles/CMakeTmp'
Makefile:121: recipe for target 'cmTC_b3864/fast' failed
make[1]: *** [cmTC_b3864/fast] Error 2
make[1]: Leaving directory '/home/illia/Documents/ONPU/multi-threading/cmake-build-debug/CMakeFiles/CMakeTmp'



The MPI test test_mpi for C in mode normal failed to compile with the following output:
Change Dir: /home/illia/Documents/ONPU/multi-threading/cmake-build-debug/CMakeFiles/CMakeTmp

Run Build Command(s):/usr/bin/make cmTC_33c93/fast && make[1]: Entering directory '/home/illia/Documents/ONPU/multi-threading/cmake-build-debug/CMakeFiles/CMakeTmp'
/usr/bin/make -f CMakeFiles/cmTC_33c93.dir/build.make CMakeFiles/cmTC_33c93.dir/build
make[2]: Entering directory '/home/illia/Documents/ONPU/multi-threading/cmake-build-debug/CMakeFiles/CMakeTmp'
Building C object CMakeFiles/cmTC_33c93.dir/test_mpi.c.o
/usr/bin/cc    -o CMakeFiles/cmTC_33c93.dir/test_mpi.c.o   -c /home/illia/.local/share/JetBrains/Toolbox/apps/CLion/ch-0/201.7223.86/bin/cmake/linux/share/cmake-3.16/Modules/FindMPI/test_mpi.c
/home/illia/.local/share/JetBrains/Toolbox/apps/CLion/ch-0/201.7223.86/bin/cmake/linux/share/cmake-3.16/Modules/FindMPI/test_mpi.c:1:10: fatal error: mpi.h: No such file or directory
 #include <mpi.h>
          ^~~~~~~
compilation terminated.
CMakeFiles/cmTC_33c93.dir/build.make:65: recipe for target 'CMakeFiles/cmTC_33c93.dir/test_mpi.c.o' failed
make[2]: *** [CMakeFiles/cmTC_33c93.dir/test_mpi.c.o] Error 1
make[2]: Leaving directory '/home/illia/Documents/ONPU/multi-threading/cmake-build-debug/CMakeFiles/CMakeTmp'
Makefile:121: recipe for target 'cmTC_33c93/fast' failed
make[1]: *** [cmTC_33c93/fast] Error 2
make[1]: Leaving directory '/home/illia/Documents/ONPU/multi-threading/cmake-build-debug/CMakeFiles/CMakeTmp'



The MPI test test_mpi for CXX in mode normal failed to compile with the following output:
Change Dir: /home/illia/Documents/ONPU/multi-threading/cmake-build-debug/CMakeFiles/CMakeTmp

Run Build Command(s):/usr/bin/make cmTC_199da/fast && make[1]: Entering directory '/home/illia/Documents/ONPU/multi-threading/cmake-build-debug/CMakeFiles/CMakeTmp'
/usr/bin/make -f CMakeFiles/cmTC_199da.dir/build.make CMakeFiles/cmTC_199da.dir/build
make[2]: Entering directory '/home/illia/Documents/ONPU/multi-threading/cmake-build-debug/CMakeFiles/CMakeTmp'
Building CXX object CMakeFiles/cmTC_199da.dir/test_mpi.cpp.o
/usr/bin/c++    -fopenmp    -std=gnu++1z -o CMakeFiles/cmTC_199da.dir/test_mpi.cpp.o -c /home/illia/Documents/ONPU/multi-threading/cmake-build-debug/CMakeFiles/FindMPI/test_mpi.cpp
/home/illia/Documents/ONPU/multi-threading/cmake-build-debug/CMakeFiles/FindMPI/test_mpi.cpp:1:10: fatal error: mpi.h: No such file or directory
 #include <mpi.h>
          ^~~~~~~
compilation terminated.
CMakeFiles/cmTC_199da.dir/build.make:65: recipe for target 'CMakeFiles/cmTC_199da.dir/test_mpi.cpp.o' failed
make[2]: *** [CMakeFiles/cmTC_199da.dir/test_mpi.cpp.o] Error 1
make[2]: Leaving directory '/home/illia/Documents/ONPU/multi-threading/cmake-build-debug/CMakeFiles/CMakeTmp'
Makefile:121: recipe for target 'cmTC_199da/fast' failed
make[1]: *** [cmTC_199da/fast] Error 2
make[1]: Leaving directory '/home/illia/Documents/ONPU/multi-threading/cmake-build-debug/CMakeFiles/CMakeTmp'



The MPI test test_mpi for C in mode normal failed to compile with the following output:
Change Dir: /home/illia/Documents/ONPU/multi-threading/cmake-build-debug/CMakeFiles/CMakeTmp

Run Build Command(s):/usr/bin/make cmTC_5e854/fast && make[1]: Entering directory '/home/illia/Documents/ONPU/multi-threading/cmake-build-debug/CMakeFiles/CMakeTmp'
/usr/bin/make -f CMakeFiles/cmTC_5e854.dir/build.make CMakeFiles/cmTC_5e854.dir/build
make[2]: Entering directory '/home/illia/Documents/ONPU/multi-threading/cmake-build-debug/CMakeFiles/CMakeTmp'
Building C object CMakeFiles/cmTC_5e854.dir/test_mpi.c.o
/usr/bin/cc    -o CMakeFiles/cmTC_5e854.dir/test_mpi.c.o   -c /home/illia/.local/share/JetBrains/Toolbox/apps/CLion/ch-0/201.7223.86/bin/cmake/linux/share/cmake-3.16/Modules/FindMPI/test_mpi.c
/home/illia/.local/share/JetBrains/Toolbox/apps/CLion/ch-0/201.7223.86/bin/cmake/linux/share/cmake-3.16/Modules/FindMPI/test_mpi.c:1:10: fatal error: mpi.h: No such file or directory
 #include <mpi.h>
          ^~~~~~~
compilation terminated.
CMakeFiles/cmTC_5e854.dir/build.make:65: recipe for target 'CMakeFiles/cmTC_5e854.dir/test_mpi.c.o' failed
make[2]: *** [CMakeFiles/cmTC_5e854.dir/test_mpi.c.o] Error 1
make[2]: Leaving directory '/home/illia/Documents/ONPU/multi-threading/cmake-build-debug/CMakeFiles/CMakeTmp'
Makefile:121: recipe for target 'cmTC_5e854/fast' failed
make[1]: *** [cmTC_5e854/fast] Error 2
make[1]: Leaving directory '/home/illia/Documents/ONPU/multi-threading/cmake-build-debug/CMakeFiles/CMakeTmp'



The MPI test test_mpi for CXX in mode normal failed to compile with the following output:
Change Dir: /home/illia/Documents/ONPU/multi-threading/cmake-build-debug/CMakeFiles/CMakeTmp

Run Build Command(s):/usr/bin/make cmTC_a86bd/fast && make[1]: Entering directory '/home/illia/Documents/ONPU/multi-threading/cmake-build-debug/CMakeFiles/CMakeTmp'
/usr/bin/make -f CMakeFiles/cmTC_a86bd.dir/build.make CMakeFiles/cmTC_a86bd.dir/build
make[2]: Entering directory '/home/illia/Documents/ONPU/multi-threading/cmake-build-debug/CMakeFiles/CMakeTmp'
Building CXX object CMakeFiles/cmTC_a86bd.dir/test_mpi.cpp.o
/usr/bin/c++    -fopenmp    -std=gnu++1z -o CMakeFiles/cmTC_a86bd.dir/test_mpi.cpp.o -c /home/illia/Documents/ONPU/multi-threading/cmake-build-debug/CMakeFiles/FindMPI/test_mpi.cpp
/home/illia/Documents/ONPU/multi-threading/cmake-build-debug/CMakeFiles/FindMPI/test_mpi.cpp:1:10: fatal error: mpi.h: No such file or directory
 #include <mpi.h>
          ^~~~~~~
compilation terminated.
CMakeFiles/cmTC_a86bd.dir/build.make:65: recipe for target 'CMakeFiles/cmTC_a86bd.dir/test_mpi.cpp.o' failed
make[2]: *** [CMakeFiles/cmTC_a86bd.dir/test_mpi.cpp.o] Error 1
make[2]: Leaving directory '/home/illia/Documents/ONPU/multi-threading/cmake-build-debug/CMakeFiles/CMakeTmp'
Makefile:121: recipe for target 'cmTC_a86bd/fast' failed
make[1]: *** [cmTC_a86bd/fast] Error 2
make[1]: Leaving directory '/home/illia/Documents/ONPU/multi-threading/cmake-build-debug/CMakeFiles/CMakeTmp'



The MPI test test_mpi for C in mode normal failed to compile with the following output:
Change Dir: /home/illia/Documents/ONPU/multi-threading/cmake-build-debug/CMakeFiles/CMakeTmp

Run Build Command(s):/usr/bin/make cmTC_3a4d1/fast && make[1]: Entering directory '/home/illia/Documents/ONPU/multi-threading/cmake-build-debug/CMakeFiles/CMakeTmp'
/usr/bin/make -f CMakeFiles/cmTC_3a4d1.dir/build.make CMakeFiles/cmTC_3a4d1.dir/build
make[2]: Entering directory '/home/illia/Documents/ONPU/multi-threading/cmake-build-debug/CMakeFiles/CMakeTmp'
Building C object CMakeFiles/cmTC_3a4d1.dir/test_mpi.c.o
/usr/bin/cc    -o CMakeFiles/cmTC_3a4d1.dir/test_mpi.c.o   -c /home/illia/.local/share/JetBrains/Toolbox/apps/CLion/ch-0/201.7223.86/bin/cmake/linux/share/cmake-3.16/Modules/FindMPI/test_mpi.c
/home/illia/.local/share/JetBrains/Toolbox/apps/CLion/ch-0/201.7223.86/bin/cmake/linux/share/cmake-3.16/Modules/FindMPI/test_mpi.c:1:10: fatal error: mpi.h: No such file or directory
 #include <mpi.h>
          ^~~~~~~
compilation terminated.
CMakeFiles/cmTC_3a4d1.dir/build.make:65: recipe for target 'CMakeFiles/cmTC_3a4d1.dir/test_mpi.c.o' failed
make[2]: *** [CMakeFiles/cmTC_3a4d1.dir/test_mpi.c.o] Error 1
make[2]: Leaving directory '/home/illia/Documents/ONPU/multi-threading/cmake-build-debug/CMakeFiles/CMakeTmp'
Makefile:121: recipe for target 'cmTC_3a4d1/fast' failed
make[1]: *** [cmTC_3a4d1/fast] Error 2
make[1]: Leaving directory '/home/illia/Documents/ONPU/multi-threading/cmake-build-debug/CMakeFiles/CMakeTmp'



The MPI test test_mpi for CXX in mode normal failed to compile with the following output:
Change Dir: /home/illia/Documents/ONPU/multi-threading/cmake-build-debug/CMakeFiles/CMakeTmp

Run Build Command(s):/usr/bin/make cmTC_4fb78/fast && make[1]: Entering directory '/home/illia/Documents/ONPU/multi-threading/cmake-build-debug/CMakeFiles/CMakeTmp'
/usr/bin/make -f CMakeFiles/cmTC_4fb78.dir/build.make CMakeFiles/cmTC_4fb78.dir/build
make[2]: Entering directory '/home/illia/Documents/ONPU/multi-threading/cmake-build-debug/CMakeFiles/CMakeTmp'
Building CXX object CMakeFiles/cmTC_4fb78.dir/test_mpi.cpp.o
/usr/bin/c++    -fopenmp    -std=gnu++1z -o CMakeFiles/cmTC_4fb78.dir/test_mpi.cpp.o -c /home/illia/Documents/ONPU/multi-threading/cmake-build-debug/CMakeFiles/FindMPI/test_mpi.cpp
/home/illia/Documents/ONPU/multi-threading/cmake-build-debug/CMakeFiles/FindMPI/test_mpi.cpp:1:10: fatal error: mpi.h: No such file or directory
 #include <mpi.h>
          ^~~~~~~
compilation terminated.
CMakeFiles/cmTC_4fb78.dir/build.make:65: recipe for target 'CMakeFiles/cmTC_4fb78.dir/test_mpi.cpp.o' failed
make[2]: *** [CMakeFiles/cmTC_4fb78.dir/test_mpi.cpp.o] Error 1
make[2]: Leaving directory '/home/illia/Documents/ONPU/multi-threading/cmake-build-debug/CMakeFiles/CMakeTmp'
Makefile:121: recipe for target 'cmTC_4fb78/fast' failed
make[1]: *** [cmTC_4fb78/fast] Error 2
make[1]: Leaving directory '/home/illia/Documents/ONPU/multi-threading/cmake-build-debug/CMakeFiles/CMakeTmp'



The MPI test test_mpi for C in mode normal failed to compile with the following output:
Change Dir: /home/illia/Documents/ONPU/multi-threading/cmake-build-debug/CMakeFiles/CMakeTmp

Run Build Command(s):/usr/bin/make cmTC_f4e56/fast && make[1]: Entering directory '/home/illia/Documents/ONPU/multi-threading/cmake-build-debug/CMakeFiles/CMakeTmp'
/usr/bin/make -f CMakeFiles/cmTC_f4e56.dir/build.make CMakeFiles/cmTC_f4e56.dir/build
make[2]: Entering directory '/home/illia/Documents/ONPU/multi-threading/cmake-build-debug/CMakeFiles/CMakeTmp'
Building C object CMakeFiles/cmTC_f4e56.dir/test_mpi.c.o
/usr/bin/cc    -o CMakeFiles/cmTC_f4e56.dir/test_mpi.c.o   -c /home/illia/.local/share/JetBrains/Toolbox/apps/CLion/ch-0/201.7223.86/bin/cmake/linux/share/cmake-3.16/Modules/FindMPI/test_mpi.c
/home/illia/.local/share/JetBrains/Toolbox/apps/CLion/ch-0/201.7223.86/bin/cmake/linux/share/cmake-3.16/Modules/FindMPI/test_mpi.c:1:10: fatal error: mpi.h: No such file or directory
 #include <mpi.h>
          ^~~~~~~
compilation terminated.
CMakeFiles/cmTC_f4e56.dir/build.make:65: recipe for target 'CMakeFiles/cmTC_f4e56.dir/test_mpi.c.o' failed
make[2]: *** [CMakeFiles/cmTC_f4e56.dir/test_mpi.c.o] Error 1
make[2]: Leaving directory '/home/illia/Documents/ONPU/multi-threading/cmake-build-debug/CMakeFiles/CMakeTmp'
Makefile:121: recipe for target 'cmTC_f4e56/fast' failed
make[1]: *** [cmTC_f4e56/fast] Error 2
make[1]: Leaving directory '/home/illia/Documents/ONPU/multi-threading/cmake-build-debug/CMakeFiles/CMakeTmp'



The MPI test test_mpi for CXX in mode normal failed to compile with the following output:
Change Dir: /home/illia/Documents/ONPU/multi-threading/cmake-build-debug/CMakeFiles/CMakeTmp

Run Build Command(s):/usr/bin/make cmTC_99949/fast && make[1]: Entering directory '/home/illia/Documents/ONPU/multi-threading/cmake-build-debug/CMakeFiles/CMakeTmp'
/usr/bin/make -f CMakeFiles/cmTC_99949.dir/build.make CMakeFiles/cmTC_99949.dir/build
make[2]: Entering directory '/home/illia/Documents/ONPU/multi-threading/cmake-build-debug/CMakeFiles/CMakeTmp'
Building CXX object CMakeFiles/cmTC_99949.dir/test_mpi.cpp.o
/usr/bin/c++    -fopenmp    -std=gnu++1z -o CMakeFiles/cmTC_99949.dir/test_mpi.cpp.o -c /home/illia/Documents/ONPU/multi-threading/cmake-build-debug/CMakeFiles/FindMPI/test_mpi.cpp
/home/illia/Documents/ONPU/multi-threading/cmake-build-debug/CMakeFiles/FindMPI/test_mpi.cpp:1:10: fatal error: mpi.h: No such file or directory
 #include <mpi.h>
          ^~~~~~~
compilation terminated.
CMakeFiles/cmTC_99949.dir/build.make:65: recipe for target 'CMakeFiles/cmTC_99949.dir/test_mpi.cpp.o' failed
make[2]: *** [CMakeFiles/cmTC_99949.dir/test_mpi.cpp.o] Error 1
make[2]: Leaving directory '/home/illia/Documents/ONPU/multi-threading/cmake-build-debug/CMakeFiles/CMakeTmp'
Makefile:121: recipe for target 'cmTC_99949/fast' failed
make[1]: *** [cmTC_99949/fast] Error 2
make[1]: Leaving directory '/home/illia/Documents/ONPU/multi-threading/cmake-build-debug/CMakeFiles/CMakeTmp'



The MPI test test_mpi for C in mode normal failed to compile with the following output:
Change Dir: /home/illia/Documents/ONPU/multi-threading/cmake-build-debug/CMakeFiles/CMakeTmp

Run Build Command(s):/usr/bin/make cmTC_46a83/fast && make[1]: Entering directory '/home/illia/Documents/ONPU/multi-threading/cmake-build-debug/CMakeFiles/CMakeTmp'
/usr/bin/make -f CMakeFiles/cmTC_46a83.dir/build.make CMakeFiles/cmTC_46a83.dir/build
make[2]: Entering directory '/home/illia/Documents/ONPU/multi-threading/cmake-build-debug/CMakeFiles/CMakeTmp'
Building C object CMakeFiles/cmTC_46a83.dir/test_mpi.c.o
/usr/bin/cc    -o CMakeFiles/cmTC_46a83.dir/test_mpi.c.o   -c /home/illia/.local/share/JetBrains/Toolbox/apps/CLion/ch-0/201.7223.86/bin/cmake/linux/share/cmake-3.16/Modules/FindMPI/test_mpi.c
/home/illia/.local/share/JetBrains/Toolbox/apps/CLion/ch-0/201.7223.86/bin/cmake/linux/share/cmake-3.16/Modules/FindMPI/test_mpi.c:1:10: fatal error: mpi.h: No such file or directory
 #include <mpi.h>
          ^~~~~~~
compilation terminated.
CMakeFiles/cmTC_46a83.dir/build.make:65: recipe for target 'CMakeFiles/cmTC_46a83.dir/test_mpi.c.o' failed
make[2]: *** [CMakeFiles/cmTC_46a83.dir/test_mpi.c.o] Error 1
make[2]: Leaving directory '/home/illia/Documents/ONPU/multi-threading/cmake-build-debug/CMakeFiles/CMakeTmp'
Makefile:121: recipe for target 'cmTC_46a83/fast' failed
make[1]: *** [cmTC_46a83/fast] Error 2
make[1]: Leaving directory '/home/illia/Documents/ONPU/multi-threading/cmake-build-debug/CMakeFiles/CMakeTmp'



The MPI test test_mpi for CXX in mode normal failed to compile with the following output:
Change Dir: /home/illia/Documents/ONPU/multi-threading/cmake-build-debug/CMakeFiles/CMakeTmp

Run Build Command(s):/usr/bin/make cmTC_273c3/fast && make[1]: Entering directory '/home/illia/Documents/ONPU/multi-threading/cmake-build-debug/CMakeFiles/CMakeTmp'
/usr/bin/make -f CMakeFiles/cmTC_273c3.dir/build.make CMakeFiles/cmTC_273c3.dir/build
make[2]: Entering directory '/home/illia/Documents/ONPU/multi-threading/cmake-build-debug/CMakeFiles/CMakeTmp'
Building CXX object CMakeFiles/cmTC_273c3.dir/test_mpi.cpp.o
/usr/bin/c++    -fopenmp    -std=gnu++1z -o CMakeFiles/cmTC_273c3.dir/test_mpi.cpp.o -c /home/illia/Documents/ONPU/multi-threading/cmake-build-debug/CMakeFiles/FindMPI/test_mpi.cpp
/home/illia/Documents/ONPU/multi-threading/cmake-build-debug/CMakeFiles/FindMPI/test_mpi.cpp:1:10: fatal error: mpi.h: No such file or directory
 #include <mpi.h>
          ^~~~~~~
compilation terminated.
CMakeFiles/cmTC_273c3.dir/build.make:65: recipe for target 'CMakeFiles/cmTC_273c3.dir/test_mpi.cpp.o' failed
make[2]: *** [CMakeFiles/cmTC_273c3.dir/test_mpi.cpp.o] Error 1
make[2]: Leaving directory '/home/illia/Documents/ONPU/multi-threading/cmake-build-debug/CMakeFiles/CMakeTmp'
Makefile:121: recipe for target 'cmTC_273c3/fast' failed
make[1]: *** [cmTC_273c3/fast] Error 2
make[1]: Leaving directory '/home/illia/Documents/ONPU/multi-threading/cmake-build-debug/CMakeFiles/CMakeTmp'



The MPI test test_mpi for C in mode normal failed to compile with the following output:
Change Dir: /home/illia/Documents/ONPU/multi-threading/cmake-build-debug/CMakeFiles/CMakeTmp

Run Build Command(s):/usr/bin/make cmTC_f284a/fast && make[1]: Entering directory '/home/illia/Documents/ONPU/multi-threading/cmake-build-debug/CMakeFiles/CMakeTmp'
/usr/bin/make -f CMakeFiles/cmTC_f284a.dir/build.make CMakeFiles/cmTC_f284a.dir/build
make[2]: Entering directory '/home/illia/Documents/ONPU/multi-threading/cmake-build-debug/CMakeFiles/CMakeTmp'
Building C object CMakeFiles/cmTC_f284a.dir/test_mpi.c.o
/usr/bin/cc    -o CMakeFiles/cmTC_f284a.dir/test_mpi.c.o   -c /home/illia/.local/share/JetBrains/Toolbox/apps/CLion/ch-0/201.7223.86/bin/cmake/linux/share/cmake-3.16/Modules/FindMPI/test_mpi.c
/home/illia/.local/share/JetBrains/Toolbox/apps/CLion/ch-0/201.7223.86/bin/cmake/linux/share/cmake-3.16/Modules/FindMPI/test_mpi.c:1:10: fatal error: mpi.h: No such file or directory
 #include <mpi.h>
          ^~~~~~~
compilation terminated.
CMakeFiles/cmTC_f284a.dir/build.make:65: recipe for target 'CMakeFiles/cmTC_f284a.dir/test_mpi.c.o' failed
make[2]: *** [CMakeFiles/cmTC_f284a.dir/test_mpi.c.o] Error 1
make[2]: Leaving directory '/home/illia/Documents/ONPU/multi-threading/cmake-build-debug/CMakeFiles/CMakeTmp'
Makefile:121: recipe for target 'cmTC_f284a/fast' failed
make[1]: *** [cmTC_f284a/fast] Error 2
make[1]: Leaving directory '/home/illia/Documents/ONPU/multi-threading/cmake-build-debug/CMakeFiles/CMakeTmp'



The MPI test test_mpi for CXX in mode normal failed to compile with the following output:
Change Dir: /home/illia/Documents/ONPU/multi-threading/cmake-build-debug/CMakeFiles/CMakeTmp

Run Build Command(s):/usr/bin/make cmTC_0f1e7/fast && make[1]: Entering directory '/home/illia/Documents/ONPU/multi-threading/cmake-build-debug/CMakeFiles/CMakeTmp'
/usr/bin/make -f CMakeFiles/cmTC_0f1e7.dir/build.make CMakeFiles/cmTC_0f1e7.dir/build
make[2]: Entering directory '/home/illia/Documents/ONPU/multi-threading/cmake-build-debug/CMakeFiles/CMakeTmp'
Building CXX object CMakeFiles/cmTC_0f1e7.dir/test_mpi.cpp.o
/usr/bin/c++    -fopenmp    -std=gnu++1z -o CMakeFiles/cmTC_0f1e7.dir/test_mpi.cpp.o -c /home/illia/Documents/ONPU/multi-threading/cmake-build-debug/CMakeFiles/FindMPI/test_mpi.cpp
/home/illia/Documents/ONPU/multi-threading/cmake-build-debug/CMakeFiles/FindMPI/test_mpi.cpp:1:10: fatal error: mpi.h: No such file or directory
 #include <mpi.h>
          ^~~~~~~
compilation terminated.
CMakeFiles/cmTC_0f1e7.dir/build.make:65: recipe for target 'CMakeFiles/cmTC_0f1e7.dir/test_mpi.cpp.o' failed
make[2]: *** [CMakeFiles/cmTC_0f1e7.dir/test_mpi.cpp.o] Error 1
make[2]: Leaving directory '/home/illia/Documents/ONPU/multi-threading/cmake-build-debug/CMakeFiles/CMakeTmp'
Makefile:121: recipe for target 'cmTC_0f1e7/fast' failed
make[1]: *** [cmTC_0f1e7/fast] Error 2
make[1]: Leaving directory '/home/illia/Documents/ONPU/multi-threading/cmake-build-debug/CMakeFiles/CMakeTmp'



The MPI test test_mpi for C in mode normal failed to compile with the following output:
Change Dir: /home/illia/Documents/ONPU/multi-threading/cmake-build-debug/CMakeFiles/CMakeTmp

Run Build Command(s):/usr/bin/make cmTC_092bb/fast && make[1]: Entering directory '/home/illia/Documents/ONPU/multi-threading/cmake-build-debug/CMakeFiles/CMakeTmp'
/usr/bin/make -f CMakeFiles/cmTC_092bb.dir/build.make CMakeFiles/cmTC_092bb.dir/build
make[2]: Entering directory '/home/illia/Documents/ONPU/multi-threading/cmake-build-debug/CMakeFiles/CMakeTmp'
Building C object CMakeFiles/cmTC_092bb.dir/test_mpi.c.o
/usr/bin/cc    -o CMakeFiles/cmTC_092bb.dir/test_mpi.c.o   -c /home/illia/.local/share/JetBrains/Toolbox/apps/CLion/ch-0/201.7223.86/bin/cmake/linux/share/cmake-3.16/Modules/FindMPI/test_mpi.c
/home/illia/.local/share/JetBrains/Toolbox/apps/CLion/ch-0/201.7223.86/bin/cmake/linux/share/cmake-3.16/Modules/FindMPI/test_mpi.c:1:10: fatal error: mpi.h: No such file or directory
 #include <mpi.h>
          ^~~~~~~
compilation terminated.
CMakeFiles/cmTC_092bb.dir/build.make:65: recipe for target 'CMakeFiles/cmTC_092bb.dir/test_mpi.c.o' failed
make[2]: *** [CMakeFiles/cmTC_092bb.dir/test_mpi.c.o] Error 1
make[2]: Leaving directory '/home/illia/Documents/ONPU/multi-threading/cmake-build-debug/CMakeFiles/CMakeTmp'
Makefile:121: recipe for target 'cmTC_092bb/fast' failed
make[1]: *** [cmTC_092bb/fast] Error 2
make[1]: Leaving directory '/home/illia/Documents/ONPU/multi-threading/cmake-build-debug/CMakeFiles/CMakeTmp'



The MPI test test_mpi for CXX in mode normal failed to compile with the following output:
Change Dir: /home/illia/Documents/ONPU/multi-threading/cmake-build-debug/CMakeFiles/CMakeTmp

Run Build Command(s):/usr/bin/make cmTC_1aac0/fast && make[1]: Entering directory '/home/illia/Documents/ONPU/multi-threading/cmake-build-debug/CMakeFiles/CMakeTmp'
/usr/bin/make -f CMakeFiles/cmTC_1aac0.dir/build.make CMakeFiles/cmTC_1aac0.dir/build
make[2]: Entering directory '/home/illia/Documents/ONPU/multi-threading/cmake-build-debug/CMakeFiles/CMakeTmp'
Building CXX object CMakeFiles/cmTC_1aac0.dir/test_mpi.cpp.o
/usr/bin/c++    -fopenmp    -std=gnu++1z -o CMakeFiles/cmTC_1aac0.dir/test_mpi.cpp.o -c /home/illia/Documents/ONPU/multi-threading/cmake-build-debug/CMakeFiles/FindMPI/test_mpi.cpp
/home/illia/Documents/ONPU/multi-threading/cmake-build-debug/CMakeFiles/FindMPI/test_mpi.cpp:1:10: fatal error: mpi.h: No such file or directory
 #include <mpi.h>
          ^~~~~~~
compilation terminated.
CMakeFiles/cmTC_1aac0.dir/build.make:65: recipe for target 'CMakeFiles/cmTC_1aac0.dir/test_mpi.cpp.o' failed
make[2]: *** [CMakeFiles/cmTC_1aac0.dir/test_mpi.cpp.o] Error 1
make[2]: Leaving directory '/home/illia/Documents/ONPU/multi-threading/cmake-build-debug/CMakeFiles/CMakeTmp'
Makefile:121: recipe for target 'cmTC_1aac0/fast' failed
make[1]: *** [cmTC_1aac0/fast] Error 2
make[1]: Leaving directory '/home/illia/Documents/ONPU/multi-threading/cmake-build-debug/CMakeFiles/CMakeTmp'



The MPI test test_mpi for C in mode normal failed to compile with the following output:
Change Dir: /home/illia/Documents/ONPU/multi-threading/cmake-build-debug/CMakeFiles/CMakeTmp

Run Build Command(s):/usr/bin/make cmTC_faf31/fast && make[1]: Entering directory '/home/illia/Documents/ONPU/multi-threading/cmake-build-debug/CMakeFiles/CMakeTmp'
/usr/bin/make -f CMakeFiles/cmTC_faf31.dir/build.make CMakeFiles/cmTC_faf31.dir/build
make[2]: Entering directory '/home/illia/Documents/ONPU/multi-threading/cmake-build-debug/CMakeFiles/CMakeTmp'
Building C object CMakeFiles/cmTC_faf31.dir/test_mpi.c.o
/usr/bin/cc    -o CMakeFiles/cmTC_faf31.dir/test_mpi.c.o   -c /home/illia/.local/share/JetBrains/Toolbox/apps/CLion/ch-0/201.7223.86/bin/cmake/linux/share/cmake-3.16/Modules/FindMPI/test_mpi.c
/home/illia/.local/share/JetBrains/Toolbox/apps/CLion/ch-0/201.7223.86/bin/cmake/linux/share/cmake-3.16/Modules/FindMPI/test_mpi.c:1:10: fatal error: mpi.h: No such file or directory
 #include <mpi.h>
          ^~~~~~~
compilation terminated.
CMakeFiles/cmTC_faf31.dir/build.make:65: recipe for target 'CMakeFiles/cmTC_faf31.dir/test_mpi.c.o' failed
make[2]: *** [CMakeFiles/cmTC_faf31.dir/test_mpi.c.o] Error 1
make[2]: Leaving directory '/home/illia/Documents/ONPU/multi-threading/cmake-build-debug/CMakeFiles/CMakeTmp'
Makefile:121: recipe for target 'cmTC_faf31/fast' failed
make[1]: *** [cmTC_faf31/fast] Error 2
make[1]: Leaving directory '/home/illia/Documents/ONPU/multi-threading/cmake-build-debug/CMakeFiles/CMakeTmp'



The MPI test test_mpi for CXX in mode normal failed to compile with the following output:
Change Dir: /home/illia/Documents/ONPU/multi-threading/cmake-build-debug/CMakeFiles/CMakeTmp

Run Build Command(s):/usr/bin/make cmTC_6e04f/fast && make[1]: Entering directory '/home/illia/Documents/ONPU/multi-threading/cmake-build-debug/CMakeFiles/CMakeTmp'
/usr/bin/make -f CMakeFiles/cmTC_6e04f.dir/build.make CMakeFiles/cmTC_6e04f.dir/build
make[2]: Entering directory '/home/illia/Documents/ONPU/multi-threading/cmake-build-debug/CMakeFiles/CMakeTmp'
Building CXX object CMakeFiles/cmTC_6e04f.dir/test_mpi.cpp.o
/usr/bin/c++    -fopenmp    -std=gnu++1z -o CMakeFiles/cmTC_6e04f.dir/test_mpi.cpp.o -c /home/illia/Documents/ONPU/multi-threading/cmake-build-debug/CMakeFiles/FindMPI/test_mpi.cpp
/home/illia/Documents/ONPU/multi-threading/cmake-build-debug/CMakeFiles/FindMPI/test_mpi.cpp:1:10: fatal error: mpi.h: No such file or directory
 #include <mpi.h>
          ^~~~~~~
compilation terminated.
CMakeFiles/cmTC_6e04f.dir/build.make:65: recipe for target 'CMakeFiles/cmTC_6e04f.dir/test_mpi.cpp.o' failed
make[2]: *** [CMakeFiles/cmTC_6e04f.dir/test_mpi.cpp.o] Error 1
make[2]: Leaving directory '/home/illia/Documents/ONPU/multi-threading/cmake-build-debug/CMakeFiles/CMakeTmp'
Makefile:121: recipe for target 'cmTC_6e04f/fast' failed
make[1]: *** [cmTC_6e04f/fast] Error 2
make[1]: Leaving directory '/home/illia/Documents/ONPU/multi-threading/cmake-build-debug/CMakeFiles/CMakeTmp'



The MPI test test_mpi for C in mode normal failed to compile with the following output:
Change Dir: /home/illia/Documents/ONPU/multi-threading/cmake-build-debug/CMakeFiles/CMakeTmp

Run Build Command(s):/usr/bin/make cmTC_ccf0f/fast && make[1]: Entering directory '/home/illia/Documents/ONPU/multi-threading/cmake-build-debug/CMakeFiles/CMakeTmp'
/usr/bin/make -f CMakeFiles/cmTC_ccf0f.dir/build.make CMakeFiles/cmTC_ccf0f.dir/build
make[2]: Entering directory '/home/illia/Documents/ONPU/multi-threading/cmake-build-debug/CMakeFiles/CMakeTmp'
Building C object CMakeFiles/cmTC_ccf0f.dir/test_mpi.c.o
/usr/bin/cc    -o CMakeFiles/cmTC_ccf0f.dir/test_mpi.c.o   -c /home/illia/.local/share/JetBrains/Toolbox/apps/CLion/ch-0/201.7223.86/bin/cmake/linux/share/cmake-3.16/Modules/FindMPI/test_mpi.c
/home/illia/.local/share/JetBrains/Toolbox/apps/CLion/ch-0/201.7223.86/bin/cmake/linux/share/cmake-3.16/Modules/FindMPI/test_mpi.c:1:10: fatal error: mpi.h: No such file or directory
 #include <mpi.h>
          ^~~~~~~
compilation terminated.
CMakeFiles/cmTC_ccf0f.dir/build.make:65: recipe for target 'CMakeFiles/cmTC_ccf0f.dir/test_mpi.c.o' failed
make[2]: *** [CMakeFiles/cmTC_ccf0f.dir/test_mpi.c.o] Error 1
make[2]: Leaving directory '/home/illia/Documents/ONPU/multi-threading/cmake-build-debug/CMakeFiles/CMakeTmp'
Makefile:121: recipe for target 'cmTC_ccf0f/fast' failed
make[1]: *** [cmTC_ccf0f/fast] Error 2
make[1]: Leaving directory '/home/illia/Documents/ONPU/multi-threading/cmake-build-debug/CMakeFiles/CMakeTmp'



The MPI test test_mpi for CXX in mode normal failed to compile with the following output:
Change Dir: /home/illia/Documents/ONPU/multi-threading/cmake-build-debug/CMakeFiles/CMakeTmp

Run Build Command(s):/usr/bin/make cmTC_29f46/fast && make[1]: Entering directory '/home/illia/Documents/ONPU/multi-threading/cmake-build-debug/CMakeFiles/CMakeTmp'
/usr/bin/make -f CMakeFiles/cmTC_29f46.dir/build.make CMakeFiles/cmTC_29f46.dir/build
make[2]: Entering directory '/home/illia/Documents/ONPU/multi-threading/cmake-build-debug/CMakeFiles/CMakeTmp'
Building CXX object CMakeFiles/cmTC_29f46.dir/test_mpi.cpp.o
/usr/bin/c++    -fopenmp    -std=gnu++1z -o CMakeFiles/cmTC_29f46.dir/test_mpi.cpp.o -c /home/illia/Documents/ONPU/multi-threading/cmake-build-debug/CMakeFiles/FindMPI/test_mpi.cpp
/home/illia/Documents/ONPU/multi-threading/cmake-build-debug/CMakeFiles/FindMPI/test_mpi.cpp:1:10: fatal error: mpi.h: No such file or directory
 #include <mpi.h>
          ^~~~~~~
compilation terminated.
CMakeFiles/cmTC_29f46.dir/build.make:65: recipe for target 'CMakeFiles/cmTC_29f46.dir/test_mpi.cpp.o' failed
make[2]: *** [CMakeFiles/cmTC_29f46.dir/test_mpi.cpp.o] Error 1
make[2]: Leaving directory '/home/illia/Documents/ONPU/multi-threading/cmake-build-debug/CMakeFiles/CMakeTmp'
Makefile:121: recipe for target 'cmTC_29f46/fast' failed
make[1]: *** [cmTC_29f46/fast] Error 2
make[1]: Leaving directory '/home/illia/Documents/ONPU/multi-threading/cmake-build-debug/CMakeFiles/CMakeTmp'



The MPI test test_mpi for C in mode normal failed to compile with the following output:
Change Dir: /home/illia/Documents/ONPU/multi-threading/cmake-build-debug/CMakeFiles/CMakeTmp

Run Build Command(s):/usr/bin/make cmTC_01f4f/fast && make[1]: Entering directory '/home/illia/Documents/ONPU/multi-threading/cmake-build-debug/CMakeFiles/CMakeTmp'
/usr/bin/make -f CMakeFiles/cmTC_01f4f.dir/build.make CMakeFiles/cmTC_01f4f.dir/build
make[2]: Entering directory '/home/illia/Documents/ONPU/multi-threading/cmake-build-debug/CMakeFiles/CMakeTmp'
Building C object CMakeFiles/cmTC_01f4f.dir/test_mpi.c.o
/usr/bin/cc    -o CMakeFiles/cmTC_01f4f.dir/test_mpi.c.o   -c /home/illia/.local/share/JetBrains/Toolbox/apps/CLion/ch-0/201.7223.86/bin/cmake/linux/share/cmake-3.16/Modules/FindMPI/test_mpi.c
/home/illia/.local/share/JetBrains/Toolbox/apps/CLion/ch-0/201.7223.86/bin/cmake/linux/share/cmake-3.16/Modules/FindMPI/test_mpi.c:1:10: fatal error: mpi.h: No such file or directory
 #include <mpi.h>
          ^~~~~~~
compilation terminated.
CMakeFiles/cmTC_01f4f.dir/build.make:65: recipe for target 'CMakeFiles/cmTC_01f4f.dir/test_mpi.c.o' failed
make[2]: *** [CMakeFiles/cmTC_01f4f.dir/test_mpi.c.o] Error 1
make[2]: Leaving directory '/home/illia/Documents/ONPU/multi-threading/cmake-build-debug/CMakeFiles/CMakeTmp'
Makefile:121: recipe for target 'cmTC_01f4f/fast' failed
make[1]: *** [cmTC_01f4f/fast] Error 2
make[1]: Leaving directory '/home/illia/Documents/ONPU/multi-threading/cmake-build-debug/CMakeFiles/CMakeTmp'



The MPI test test_mpi for CXX in mode normal failed to compile with the following output:
Change Dir: /home/illia/Documents/ONPU/multi-threading/cmake-build-debug/CMakeFiles/CMakeTmp

Run Build Command(s):/usr/bin/make cmTC_ba71a/fast && make[1]: Entering directory '/home/illia/Documents/ONPU/multi-threading/cmake-build-debug/CMakeFiles/CMakeTmp'
/usr/bin/make -f CMakeFiles/cmTC_ba71a.dir/build.make CMakeFiles/cmTC_ba71a.dir/build
make[2]: Entering directory '/home/illia/Documents/ONPU/multi-threading/cmake-build-debug/CMakeFiles/CMakeTmp'
Building CXX object CMakeFiles/cmTC_ba71a.dir/test_mpi.cpp.o
/usr/bin/c++    -fopenmp    -std=gnu++1z -o CMakeFiles/cmTC_ba71a.dir/test_mpi.cpp.o -c /home/illia/Documents/ONPU/multi-threading/cmake-build-debug/CMakeFiles/FindMPI/test_mpi.cpp
/home/illia/Documents/ONPU/multi-threading/cmake-build-debug/CMakeFiles/FindMPI/test_mpi.cpp:1:10: fatal error: mpi.h: No such file or directory
 #include <mpi.h>
          ^~~~~~~
compilation terminated.
CMakeFiles/cmTC_ba71a.dir/build.make:65: recipe for target 'CMakeFiles/cmTC_ba71a.dir/test_mpi.cpp.o' failed
make[2]: *** [CMakeFiles/cmTC_ba71a.dir/test_mpi.cpp.o] Error 1
make[2]: Leaving directory '/home/illia/Documents/ONPU/multi-threading/cmake-build-debug/CMakeFiles/CMakeTmp'
Makefile:121: recipe for target 'cmTC_ba71a/fast' failed
make[1]: *** [cmTC_ba71a/fast] Error 2
make[1]: Leaving directory '/home/illia/Documents/ONPU/multi-threading/cmake-build-debug/CMakeFiles/CMakeTmp'



The MPI test test_mpi for C in mode normal failed to compile with the following output:
Change Dir: /home/illia/Documents/ONPU/multi-threading/cmake-build-debug/CMakeFiles/CMakeTmp

Run Build Command(s):/usr/bin/make cmTC_cd8a8/fast && make[1]: Entering directory '/home/illia/Documents/ONPU/multi-threading/cmake-build-debug/CMakeFiles/CMakeTmp'
/usr/bin/make -f CMakeFiles/cmTC_cd8a8.dir/build.make CMakeFiles/cmTC_cd8a8.dir/build
make[2]: Entering directory '/home/illia/Documents/ONPU/multi-threading/cmake-build-debug/CMakeFiles/CMakeTmp'
Building C object CMakeFiles/cmTC_cd8a8.dir/test_mpi.c.o
/usr/bin/cc    -o CMakeFiles/cmTC_cd8a8.dir/test_mpi.c.o   -c /home/illia/.local/share/JetBrains/Toolbox/apps/CLion/ch-0/201.7223.86/bin/cmake/linux/share/cmake-3.16/Modules/FindMPI/test_mpi.c
/home/illia/.local/share/JetBrains/Toolbox/apps/CLion/ch-0/201.7223.86/bin/cmake/linux/share/cmake-3.16/Modules/FindMPI/test_mpi.c:1:10: fatal error: mpi.h: No such file or directory
 #include <mpi.h>
          ^~~~~~~
compilation terminated.
CMakeFiles/cmTC_cd8a8.dir/build.make:65: recipe for target 'CMakeFiles/cmTC_cd8a8.dir/test_mpi.c.o' failed
make[2]: *** [CMakeFiles/cmTC_cd8a8.dir/test_mpi.c.o] Error 1
make[2]: Leaving directory '/home/illia/Documents/ONPU/multi-threading/cmake-build-debug/CMakeFiles/CMakeTmp'
Makefile:121: recipe for target 'cmTC_cd8a8/fast' failed
make[1]: *** [cmTC_cd8a8/fast] Error 2
make[1]: Leaving directory '/home/illia/Documents/ONPU/multi-threading/cmake-build-debug/CMakeFiles/CMakeTmp'



The MPI test test_mpi for CXX in mode normal failed to compile with the following output:
Change Dir: /home/illia/Documents/ONPU/multi-threading/cmake-build-debug/CMakeFiles/CMakeTmp

Run Build Command(s):/usr/bin/make cmTC_df1ad/fast && make[1]: Entering directory '/home/illia/Documents/ONPU/multi-threading/cmake-build-debug/CMakeFiles/CMakeTmp'
/usr/bin/make -f CMakeFiles/cmTC_df1ad.dir/build.make CMakeFiles/cmTC_df1ad.dir/build
make[2]: Entering directory '/home/illia/Documents/ONPU/multi-threading/cmake-build-debug/CMakeFiles/CMakeTmp'
Building CXX object CMakeFiles/cmTC_df1ad.dir/test_mpi.cpp.o
/usr/bin/c++    -fopenmp    -std=gnu++1z -o CMakeFiles/cmTC_df1ad.dir/test_mpi.cpp.o -c /home/illia/Documents/ONPU/multi-threading/cmake-build-debug/CMakeFiles/FindMPI/test_mpi.cpp
/home/illia/Documents/ONPU/multi-threading/cmake-build-debug/CMakeFiles/FindMPI/test_mpi.cpp:1:10: fatal error: mpi.h: No such file or directory
 #include <mpi.h>
          ^~~~~~~
compilation terminated.
CMakeFiles/cmTC_df1ad.dir/build.make:65: recipe for target 'CMakeFiles/cmTC_df1ad.dir/test_mpi.cpp.o' failed
make[2]: *** [CMakeFiles/cmTC_df1ad.dir/test_mpi.cpp.o] Error 1
make[2]: Leaving directory '/home/illia/Documents/ONPU/multi-threading/cmake-build-debug/CMakeFiles/CMakeTmp'
Makefile:121: recipe for target 'cmTC_df1ad/fast' failed
make[1]: *** [cmTC_df1ad/fast] Error 2
make[1]: Leaving directory '/home/illia/Documents/ONPU/multi-threading/cmake-build-debug/CMakeFiles/CMakeTmp'



The MPI test test_mpi for C in mode normal failed to compile with the following output:
Change Dir: /home/illia/Documents/ONPU/multi-threading/cmake-build-debug/CMakeFiles/CMakeTmp

Run Build Command(s):/usr/bin/make cmTC_a754b/fast && make[1]: Entering directory '/home/illia/Documents/ONPU/multi-threading/cmake-build-debug/CMakeFiles/CMakeTmp'
/usr/bin/make -f CMakeFiles/cmTC_a754b.dir/build.make CMakeFiles/cmTC_a754b.dir/build
make[2]: Entering directory '/home/illia/Documents/ONPU/multi-threading/cmake-build-debug/CMakeFiles/CMakeTmp'
Building C object CMakeFiles/cmTC_a754b.dir/test_mpi.c.o
/usr/bin/cc    -o CMakeFiles/cmTC_a754b.dir/test_mpi.c.o   -c /home/illia/.local/share/JetBrains/Toolbox/apps/CLion/ch-0/201.7223.86/bin/cmake/linux/share/cmake-3.16/Modules/FindMPI/test_mpi.c
/home/illia/.local/share/JetBrains/Toolbox/apps/CLion/ch-0/201.7223.86/bin/cmake/linux/share/cmake-3.16/Modules/FindMPI/test_mpi.c:1:10: fatal error: mpi.h: No such file or directory
 #include <mpi.h>
          ^~~~~~~
compilation terminated.
CMakeFiles/cmTC_a754b.dir/build.make:65: recipe for target 'CMakeFiles/cmTC_a754b.dir/test_mpi.c.o' failed
make[2]: *** [CMakeFiles/cmTC_a754b.dir/test_mpi.c.o] Error 1
make[2]: Leaving directory '/home/illia/Documents/ONPU/multi-threading/cmake-build-debug/CMakeFiles/CMakeTmp'
Makefile:121: recipe for target 'cmTC_a754b/fast' failed
make[1]: *** [cmTC_a754b/fast] Error 2
make[1]: Leaving directory '/home/illia/Documents/ONPU/multi-threading/cmake-build-debug/CMakeFiles/CMakeTmp'



The MPI test test_mpi for CXX in mode normal failed to compile with the following output:
Change Dir: /home/illia/Documents/ONPU/multi-threading/cmake-build-debug/CMakeFiles/CMakeTmp

Run Build Command(s):/usr/bin/make cmTC_d9c37/fast && make[1]: Entering directory '/home/illia/Documents/ONPU/multi-threading/cmake-build-debug/CMakeFiles/CMakeTmp'
/usr/bin/make -f CMakeFiles/cmTC_d9c37.dir/build.make CMakeFiles/cmTC_d9c37.dir/build
make[2]: Entering directory '/home/illia/Documents/ONPU/multi-threading/cmake-build-debug/CMakeFiles/CMakeTmp'
Building CXX object CMakeFiles/cmTC_d9c37.dir/test_mpi.cpp.o
/usr/bin/c++    -fopenmp    -std=gnu++1z -o CMakeFiles/cmTC_d9c37.dir/test_mpi.cpp.o -c /home/illia/Documents/ONPU/multi-threading/cmake-build-debug/CMakeFiles/FindMPI/test_mpi.cpp
/home/illia/Documents/ONPU/multi-threading/cmake-build-debug/CMakeFiles/FindMPI/test_mpi.cpp:1:10: fatal error: mpi.h: No such file or directory
 #include <mpi.h>
          ^~~~~~~
compilation terminated.
CMakeFiles/cmTC_d9c37.dir/build.make:65: recipe for target 'CMakeFiles/cmTC_d9c37.dir/test_mpi.cpp.o' failed
make[2]: *** [CMakeFiles/cmTC_d9c37.dir/test_mpi.cpp.o] Error 1
make[2]: Leaving directory '/home/illia/Documents/ONPU/multi-threading/cmake-build-debug/CMakeFiles/CMakeTmp'
Makefile:121: recipe for target 'cmTC_d9c37/fast' failed
make[1]: *** [cmTC_d9c37/fast] Error 2
make[1]: Leaving directory '/home/illia/Documents/ONPU/multi-threading/cmake-build-debug/CMakeFiles/CMakeTmp'



The MPI test test_mpi for C in mode normal failed to compile with the following output:
Change Dir: /home/illia/Documents/ONPU/multi-threading/cmake-build-debug/CMakeFiles/CMakeTmp

Run Build Command(s):/usr/bin/make cmTC_ccbdd/fast && make[1]: Entering directory '/home/illia/Documents/ONPU/multi-threading/cmake-build-debug/CMakeFiles/CMakeTmp'
/usr/bin/make -f CMakeFiles/cmTC_ccbdd.dir/build.make CMakeFiles/cmTC_ccbdd.dir/build
make[2]: Entering directory '/home/illia/Documents/ONPU/multi-threading/cmake-build-debug/CMakeFiles/CMakeTmp'
Building C object CMakeFiles/cmTC_ccbdd.dir/test_mpi.c.o
/usr/bin/cc    -o CMakeFiles/cmTC_ccbdd.dir/test_mpi.c.o   -c /home/illia/.local/share/JetBrains/Toolbox/apps/CLion/ch-0/201.7223.86/bin/cmake/linux/share/cmake-3.16/Modules/FindMPI/test_mpi.c
/home/illia/.local/share/JetBrains/Toolbox/apps/CLion/ch-0/201.7223.86/bin/cmake/linux/share/cmake-3.16/Modules/FindMPI/test_mpi.c:1:10: fatal error: mpi.h: No such file or directory
 #include <mpi.h>
          ^~~~~~~
compilation terminated.
CMakeFiles/cmTC_ccbdd.dir/build.make:65: recipe for target 'CMakeFiles/cmTC_ccbdd.dir/test_mpi.c.o' failed
make[2]: *** [CMakeFiles/cmTC_ccbdd.dir/test_mpi.c.o] Error 1
make[2]: Leaving directory '/home/illia/Documents/ONPU/multi-threading/cmake-build-debug/CMakeFiles/CMakeTmp'
Makefile:121: recipe for target 'cmTC_ccbdd/fast' failed
make[1]: *** [cmTC_ccbdd/fast] Error 2
make[1]: Leaving directory '/home/illia/Documents/ONPU/multi-threading/cmake-build-debug/CMakeFiles/CMakeTmp'



The MPI test test_mpi for CXX in mode normal failed to compile with the following output:
Change Dir: /home/illia/Documents/ONPU/multi-threading/cmake-build-debug/CMakeFiles/CMakeTmp

Run Build Command(s):/usr/bin/make cmTC_e16dd/fast && make[1]: Entering directory '/home/illia/Documents/ONPU/multi-threading/cmake-build-debug/CMakeFiles/CMakeTmp'
/usr/bin/make -f CMakeFiles/cmTC_e16dd.dir/build.make CMakeFiles/cmTC_e16dd.dir/build
make[2]: Entering directory '/home/illia/Documents/ONPU/multi-threading/cmake-build-debug/CMakeFiles/CMakeTmp'
Building CXX object CMakeFiles/cmTC_e16dd.dir/test_mpi.cpp.o
/usr/bin/c++    -fopenmp    -std=gnu++1z -o CMakeFiles/cmTC_e16dd.dir/test_mpi.cpp.o -c /home/illia/Documents/ONPU/multi-threading/cmake-build-debug/CMakeFiles/FindMPI/test_mpi.cpp
/home/illia/Documents/ONPU/multi-threading/cmake-build-debug/CMakeFiles/FindMPI/test_mpi.cpp:1:10: fatal error: mpi.h: No such file or directory
 #include <mpi.h>
          ^~~~~~~
compilation terminated.
CMakeFiles/cmTC_e16dd.dir/build.make:65: recipe for target 'CMakeFiles/cmTC_e16dd.dir/test_mpi.cpp.o' failed
make[2]: *** [CMakeFiles/cmTC_e16dd.dir/test_mpi.cpp.o] Error 1
make[2]: Leaving directory '/home/illia/Documents/ONPU/multi-threading/cmake-build-debug/CMakeFiles/CMakeTmp'
Makefile:121: recipe for target 'cmTC_e16dd/fast' failed
make[1]: *** [cmTC_e16dd/fast] Error 2
make[1]: Leaving directory '/home/illia/Documents/ONPU/multi-threading/cmake-build-debug/CMakeFiles/CMakeTmp'



The MPI test test_mpi for C in mode normal failed to compile with the following output:
Change Dir: /home/illia/Documents/ONPU/multi-threading/cmake-build-debug/CMakeFiles/CMakeTmp

Run Build Command(s):/usr/bin/make cmTC_77482/fast && make[1]: Entering directory '/home/illia/Documents/ONPU/multi-threading/cmake-build-debug/CMakeFiles/CMakeTmp'
/usr/bin/make -f CMakeFiles/cmTC_77482.dir/build.make CMakeFiles/cmTC_77482.dir/build
make[2]: Entering directory '/home/illia/Documents/ONPU/multi-threading/cmake-build-debug/CMakeFiles/CMakeTmp'
Building C object CMakeFiles/cmTC_77482.dir/test_mpi.c.o
/usr/bin/cc    -o CMakeFiles/cmTC_77482.dir/test_mpi.c.o   -c /home/illia/.local/share/JetBrains/Toolbox/apps/CLion/ch-0/201.7223.86/bin/cmake/linux/share/cmake-3.16/Modules/FindMPI/test_mpi.c
/home/illia/.local/share/JetBrains/Toolbox/apps/CLion/ch-0/201.7223.86/bin/cmake/linux/share/cmake-3.16/Modules/FindMPI/test_mpi.c:1:10: fatal error: mpi.h: No such file or directory
 #include <mpi.h>
          ^~~~~~~
compilation terminated.
CMakeFiles/cmTC_77482.dir/build.make:65: recipe for target 'CMakeFiles/cmTC_77482.dir/test_mpi.c.o' failed
make[2]: *** [CMakeFiles/cmTC_77482.dir/test_mpi.c.o] Error 1
make[2]: Leaving directory '/home/illia/Documents/ONPU/multi-threading/cmake-build-debug/CMakeFiles/CMakeTmp'
Makefile:121: recipe for target 'cmTC_77482/fast' failed
make[1]: *** [cmTC_77482/fast] Error 2
make[1]: Leaving directory '/home/illia/Documents/ONPU/multi-threading/cmake-build-debug/CMakeFiles/CMakeTmp'



The MPI test test_mpi for CXX in mode normal failed to compile with the following output:
Change Dir: /home/illia/Documents/ONPU/multi-threading/cmake-build-debug/CMakeFiles/CMakeTmp

Run Build Command(s):/usr/bin/make cmTC_c5a9e/fast && make[1]: Entering directory '/home/illia/Documents/ONPU/multi-threading/cmake-build-debug/CMakeFiles/CMakeTmp'
/usr/bin/make -f CMakeFiles/cmTC_c5a9e.dir/build.make CMakeFiles/cmTC_c5a9e.dir/build
make[2]: Entering directory '/home/illia/Documents/ONPU/multi-threading/cmake-build-debug/CMakeFiles/CMakeTmp'
Building CXX object CMakeFiles/cmTC_c5a9e.dir/test_mpi.cpp.o
/usr/bin/c++    -fopenmp    -std=gnu++1z -o CMakeFiles/cmTC_c5a9e.dir/test_mpi.cpp.o -c /home/illia/Documents/ONPU/multi-threading/cmake-build-debug/CMakeFiles/FindMPI/test_mpi.cpp
/home/illia/Documents/ONPU/multi-threading/cmake-build-debug/CMakeFiles/FindMPI/test_mpi.cpp:1:10: fatal error: mpi.h: No such file or directory
 #include <mpi.h>
          ^~~~~~~
compilation terminated.
CMakeFiles/cmTC_c5a9e.dir/build.make:65: recipe for target 'CMakeFiles/cmTC_c5a9e.dir/test_mpi.cpp.o' failed
make[2]: *** [CMakeFiles/cmTC_c5a9e.dir/test_mpi.cpp.o] Error 1
make[2]: Leaving directory '/home/illia/Documents/ONPU/multi-threading/cmake-build-debug/CMakeFiles/CMakeTmp'
Makefile:121: recipe for target 'cmTC_c5a9e/fast' failed
make[1]: *** [cmTC_c5a9e/fast] Error 2
make[1]: Leaving directory '/home/illia/Documents/ONPU/multi-threading/cmake-build-debug/CMakeFiles/CMakeTmp'



The MPI test test_mpi for C in mode normal failed to compile with the following output:
Change Dir: /home/illia/Documents/ONPU/multi-threading/cmake-build-debug/CMakeFiles/CMakeTmp

Run Build Command(s):/usr/bin/make cmTC_259fb/fast && make[1]: Entering directory '/home/illia/Documents/ONPU/multi-threading/cmake-build-debug/CMakeFiles/CMakeTmp'
/usr/bin/make -f CMakeFiles/cmTC_259fb.dir/build.make CMakeFiles/cmTC_259fb.dir/build
make[2]: Entering directory '/home/illia/Documents/ONPU/multi-threading/cmake-build-debug/CMakeFiles/CMakeTmp'
Building C object CMakeFiles/cmTC_259fb.dir/test_mpi.c.o
/usr/bin/cc    -o CMakeFiles/cmTC_259fb.dir/test_mpi.c.o   -c /home/illia/.local/share/JetBrains/Toolbox/apps/CLion/ch-0/201.7223.86/bin/cmake/linux/share/cmake-3.16/Modules/FindMPI/test_mpi.c
/home/illia/.local/share/JetBrains/Toolbox/apps/CLion/ch-0/201.7223.86/bin/cmake/linux/share/cmake-3.16/Modules/FindMPI/test_mpi.c:1:10: fatal error: mpi.h: No such file or directory
 #include <mpi.h>
          ^~~~~~~
compilation terminated.
CMakeFiles/cmTC_259fb.dir/build.make:65: recipe for target 'CMakeFiles/cmTC_259fb.dir/test_mpi.c.o' failed
make[2]: *** [CMakeFiles/cmTC_259fb.dir/test_mpi.c.o] Error 1
make[2]: Leaving directory '/home/illia/Documents/ONPU/multi-threading/cmake-build-debug/CMakeFiles/CMakeTmp'
Makefile:121: recipe for target 'cmTC_259fb/fast' failed
make[1]: *** [cmTC_259fb/fast] Error 2
make[1]: Leaving directory '/home/illia/Documents/ONPU/multi-threading/cmake-build-debug/CMakeFiles/CMakeTmp'



The MPI test test_mpi for CXX in mode normal failed to compile with the following output:
Change Dir: /home/illia/Documents/ONPU/multi-threading/cmake-build-debug/CMakeFiles/CMakeTmp

Run Build Command(s):/usr/bin/make cmTC_db8f2/fast && make[1]: Entering directory '/home/illia/Documents/ONPU/multi-threading/cmake-build-debug/CMakeFiles/CMakeTmp'
/usr/bin/make -f CMakeFiles/cmTC_db8f2.dir/build.make CMakeFiles/cmTC_db8f2.dir/build
make[2]: Entering directory '/home/illia/Documents/ONPU/multi-threading/cmake-build-debug/CMakeFiles/CMakeTmp'
Building CXX object CMakeFiles/cmTC_db8f2.dir/test_mpi.cpp.o
/usr/bin/c++    -fopenmp    -std=gnu++1z -o CMakeFiles/cmTC_db8f2.dir/test_mpi.cpp.o -c /home/illia/Documents/ONPU/multi-threading/cmake-build-debug/CMakeFiles/FindMPI/test_mpi.cpp
/home/illia/Documents/ONPU/multi-threading/cmake-build-debug/CMakeFiles/FindMPI/test_mpi.cpp:1:10: fatal error: mpi.h: No such file or directory
 #include <mpi.h>
          ^~~~~~~
compilation terminated.
CMakeFiles/cmTC_db8f2.dir/build.make:65: recipe for target 'CMakeFiles/cmTC_db8f2.dir/test_mpi.cpp.o' failed
make[2]: *** [CMakeFiles/cmTC_db8f2.dir/test_mpi.cpp.o] Error 1
make[2]: Leaving directory '/home/illia/Documents/ONPU/multi-threading/cmake-build-debug/CMakeFiles/CMakeTmp'
Makefile:121: recipe for target 'cmTC_db8f2/fast' failed
make[1]: *** [cmTC_db8f2/fast] Error 2
make[1]: Leaving directory '/home/illia/Documents/ONPU/multi-threading/cmake-build-debug/CMakeFiles/CMakeTmp'



The MPI test test_mpi for C in mode normal failed to compile with the following output:
Change Dir: /home/illia/Documents/ONPU/multi-threading/cmake-build-debug/CMakeFiles/CMakeTmp

Run Build Command(s):/usr/bin/make cmTC_b7af9/fast && make[1]: Entering directory '/home/illia/Documents/ONPU/multi-threading/cmake-build-debug/CMakeFiles/CMakeTmp'
/usr/bin/make -f CMakeFiles/cmTC_b7af9.dir/build.make CMakeFiles/cmTC_b7af9.dir/build
make[2]: Entering directory '/home/illia/Documents/ONPU/multi-threading/cmake-build-debug/CMakeFiles/CMakeTmp'
Building C object CMakeFiles/cmTC_b7af9.dir/test_mpi.c.o
/usr/bin/cc    -o CMakeFiles/cmTC_b7af9.dir/test_mpi.c.o   -c /home/illia/.local/share/JetBrains/Toolbox/apps/CLion/ch-0/201.7223.86/bin/cmake/linux/share/cmake-3.16/Modules/FindMPI/test_mpi.c
/home/illia/.local/share/JetBrains/Toolbox/apps/CLion/ch-0/201.7223.86/bin/cmake/linux/share/cmake-3.16/Modules/FindMPI/test_mpi.c:1:10: fatal error: mpi.h: No such file or directory
 #include <mpi.h>
          ^~~~~~~
compilation terminated.
CMakeFiles/cmTC_b7af9.dir/build.make:65: recipe for target 'CMakeFiles/cmTC_b7af9.dir/test_mpi.c.o' failed
make[2]: *** [CMakeFiles/cmTC_b7af9.dir/test_mpi.c.o] Error 1
make[2]: Leaving directory '/home/illia/Documents/ONPU/multi-threading/cmake-build-debug/CMakeFiles/CMakeTmp'
Makefile:121: recipe for target 'cmTC_b7af9/fast' failed
make[1]: *** [cmTC_b7af9/fast] Error 2
make[1]: Leaving directory '/home/illia/Documents/ONPU/multi-threading/cmake-build-debug/CMakeFiles/CMakeTmp'



The MPI test test_mpi for CXX in mode normal failed to compile with the following output:
Change Dir: /home/illia/Documents/ONPU/multi-threading/cmake-build-debug/CMakeFiles/CMakeTmp

Run Build Command(s):/usr/bin/make cmTC_12646/fast && make[1]: Entering directory '/home/illia/Documents/ONPU/multi-threading/cmake-build-debug/CMakeFiles/CMakeTmp'
/usr/bin/make -f CMakeFiles/cmTC_12646.dir/build.make CMakeFiles/cmTC_12646.dir/build
make[2]: Entering directory '/home/illia/Documents/ONPU/multi-threading/cmake-build-debug/CMakeFiles/CMakeTmp'
Building CXX object CMakeFiles/cmTC_12646.dir/test_mpi.cpp.o
/usr/bin/c++    -fopenmp    -std=gnu++1z -o CMakeFiles/cmTC_12646.dir/test_mpi.cpp.o -c /home/illia/Documents/ONPU/multi-threading/cmake-build-debug/CMakeFiles/FindMPI/test_mpi.cpp
/home/illia/Documents/ONPU/multi-threading/cmake-build-debug/CMakeFiles/FindMPI/test_mpi.cpp:1:10: fatal error: mpi.h: No such file or directory
 #include <mpi.h>
          ^~~~~~~
compilation terminated.
CMakeFiles/cmTC_12646.dir/build.make:65: recipe for target 'CMakeFiles/cmTC_12646.dir/test_mpi.cpp.o' failed
make[2]: *** [CMakeFiles/cmTC_12646.dir/test_mpi.cpp.o] Error 1
make[2]: Leaving directory '/home/illia/Documents/ONPU/multi-threading/cmake-build-debug/CMakeFiles/CMakeTmp'
Makefile:121: recipe for target 'cmTC_12646/fast' failed
make[1]: *** [cmTC_12646/fast] Error 2
make[1]: Leaving directory '/home/illia/Documents/ONPU/multi-threading/cmake-build-debug/CMakeFiles/CMakeTmp'



The MPI test test_mpi for C in mode normal failed to compile with the following output:
Change Dir: /home/illia/Documents/ONPU/multi-threading/cmake-build-debug/CMakeFiles/CMakeTmp

Run Build Command(s):/usr/bin/make cmTC_bd500/fast && make[1]: Entering directory '/home/illia/Documents/ONPU/multi-threading/cmake-build-debug/CMakeFiles/CMakeTmp'
/usr/bin/make -f CMakeFiles/cmTC_bd500.dir/build.make CMakeFiles/cmTC_bd500.dir/build
make[2]: Entering directory '/home/illia/Documents/ONPU/multi-threading/cmake-build-debug/CMakeFiles/CMakeTmp'
Building C object CMakeFiles/cmTC_bd500.dir/test_mpi.c.o
/usr/bin/cc    -o CMakeFiles/cmTC_bd500.dir/test_mpi.c.o   -c /home/illia/.local/share/JetBrains/Toolbox/apps/CLion/ch-0/201.7223.86/bin/cmake/linux/share/cmake-3.16/Modules/FindMPI/test_mpi.c
/home/illia/.local/share/JetBrains/Toolbox/apps/CLion/ch-0/201.7223.86/bin/cmake/linux/share/cmake-3.16/Modules/FindMPI/test_mpi.c:1:10: fatal error: mpi.h: No such file or directory
 #include <mpi.h>
          ^~~~~~~
compilation terminated.
CMakeFiles/cmTC_bd500.dir/build.make:65: recipe for target 'CMakeFiles/cmTC_bd500.dir/test_mpi.c.o' failed
make[2]: *** [CMakeFiles/cmTC_bd500.dir/test_mpi.c.o] Error 1
make[2]: Leaving directory '/home/illia/Documents/ONPU/multi-threading/cmake-build-debug/CMakeFiles/CMakeTmp'
Makefile:121: recipe for target 'cmTC_bd500/fast' failed
make[1]: *** [cmTC_bd500/fast] Error 2
make[1]: Leaving directory '/home/illia/Documents/ONPU/multi-threading/cmake-build-debug/CMakeFiles/CMakeTmp'



The MPI test test_mpi for CXX in mode normal failed to compile with the following output:
Change Dir: /home/illia/Documents/ONPU/multi-threading/cmake-build-debug/CMakeFiles/CMakeTmp

Run Build Command(s):/usr/bin/make cmTC_fae04/fast && make[1]: Entering directory '/home/illia/Documents/ONPU/multi-threading/cmake-build-debug/CMakeFiles/CMakeTmp'
/usr/bin/make -f CMakeFiles/cmTC_fae04.dir/build.make CMakeFiles/cmTC_fae04.dir/build
make[2]: Entering directory '/home/illia/Documents/ONPU/multi-threading/cmake-build-debug/CMakeFiles/CMakeTmp'
Building CXX object CMakeFiles/cmTC_fae04.dir/test_mpi.cpp.o
/usr/bin/c++    -fopenmp    -std=gnu++1z -o CMakeFiles/cmTC_fae04.dir/test_mpi.cpp.o -c /home/illia/Documents/ONPU/multi-threading/cmake-build-debug/CMakeFiles/FindMPI/test_mpi.cpp
/home/illia/Documents/ONPU/multi-threading/cmake-build-debug/CMakeFiles/FindMPI/test_mpi.cpp:1:10: fatal error: mpi.h: No such file or directory
 #include <mpi.h>
          ^~~~~~~
compilation terminated.
CMakeFiles/cmTC_fae04.dir/build.make:65: recipe for target 'CMakeFiles/cmTC_fae04.dir/test_mpi.cpp.o' failed
make[2]: *** [CMakeFiles/cmTC_fae04.dir/test_mpi.cpp.o] Error 1
make[2]: Leaving directory '/home/illia/Documents/ONPU/multi-threading/cmake-build-debug/CMakeFiles/CMakeTmp'
Makefile:121: recipe for target 'cmTC_fae04/fast' failed
make[1]: *** [cmTC_fae04/fast] Error 2
make[1]: Leaving directory '/home/illia/Documents/ONPU/multi-threading/cmake-build-debug/CMakeFiles/CMakeTmp'



The MPI test test_mpi for C in mode normal failed to compile with the following output:
Change Dir: /home/illia/Documents/ONPU/multi-threading/cmake-build-debug/CMakeFiles/CMakeTmp

Run Build Command(s):/usr/bin/make cmTC_a16af/fast && /usr/bin/make -f CMakeFiles/cmTC_a16af.dir/build.make CMakeFiles/cmTC_a16af.dir/build
make[1]: Entering directory '/home/illia/Documents/ONPU/multi-threading/cmake-build-debug/CMakeFiles/CMakeTmp'
Building C object CMakeFiles/cmTC_a16af.dir/test_mpi.c.o
/usr/bin/cc    -o CMakeFiles/cmTC_a16af.dir/test_mpi.c.o   -c /home/illia/.local/share/JetBrains/Toolbox/apps/CLion/ch-0/201.7223.86/bin/cmake/linux/share/cmake-3.16/Modules/FindMPI/test_mpi.c
/home/illia/.local/share/JetBrains/Toolbox/apps/CLion/ch-0/201.7223.86/bin/cmake/linux/share/cmake-3.16/Modules/FindMPI/test_mpi.c:1:10: fatal error: mpi.h: No such file or directory
 #include <mpi.h>
          ^~~~~~~
compilation terminated.
CMakeFiles/cmTC_a16af.dir/build.make:65: recipe for target 'CMakeFiles/cmTC_a16af.dir/test_mpi.c.o' failed
make[1]: *** [CMakeFiles/cmTC_a16af.dir/test_mpi.c.o] Error 1
make[1]: Leaving directory '/home/illia/Documents/ONPU/multi-threading/cmake-build-debug/CMakeFiles/CMakeTmp'
Makefile:121: recipe for target 'cmTC_a16af/fast' failed
make: *** [cmTC_a16af/fast] Error 2



The MPI test test_mpi for CXX in mode normal failed to compile with the following output:
Change Dir: /home/illia/Documents/ONPU/multi-threading/cmake-build-debug/CMakeFiles/CMakeTmp

Run Build Command(s):/usr/bin/make cmTC_7987c/fast && /usr/bin/make -f CMakeFiles/cmTC_7987c.dir/build.make CMakeFiles/cmTC_7987c.dir/build
make[1]: Entering directory '/home/illia/Documents/ONPU/multi-threading/cmake-build-debug/CMakeFiles/CMakeTmp'
Building CXX object CMakeFiles/cmTC_7987c.dir/test_mpi.cpp.o
/usr/bin/c++    -fopenmp    -std=gnu++1z -o CMakeFiles/cmTC_7987c.dir/test_mpi.cpp.o -c /home/illia/Documents/ONPU/multi-threading/cmake-build-debug/CMakeFiles/FindMPI/test_mpi.cpp
/home/illia/Documents/ONPU/multi-threading/cmake-build-debug/CMakeFiles/FindMPI/test_mpi.cpp:1:10: fatal error: mpi.h: No such file or directory
 #include <mpi.h>
          ^~~~~~~
compilation terminated.
CMakeFiles/cmTC_7987c.dir/build.make:65: recipe for target 'CMakeFiles/cmTC_7987c.dir/test_mpi.cpp.o' failed
make[1]: *** [CMakeFiles/cmTC_7987c.dir/test_mpi.cpp.o] Error 1
make[1]: Leaving directory '/home/illia/Documents/ONPU/multi-threading/cmake-build-debug/CMakeFiles/CMakeTmp'
Makefile:121: recipe for target 'cmTC_7987c/fast' failed
make: *** [cmTC_7987c/fast] Error 2



The MPI test test_mpi for C in mode normal failed to compile with the following output:
Change Dir: /home/illia/Documents/ONPU/multi-threading/cmake-build-debug/CMakeFiles/CMakeTmp

Run Build Command(s):/usr/bin/make cmTC_e80bc/fast && make[1]: Entering directory '/home/illia/Documents/ONPU/multi-threading/cmake-build-debug/CMakeFiles/CMakeTmp'
/usr/bin/make -f CMakeFiles/cmTC_e80bc.dir/build.make CMakeFiles/cmTC_e80bc.dir/build
make[2]: Entering directory '/home/illia/Documents/ONPU/multi-threading/cmake-build-debug/CMakeFiles/CMakeTmp'
Building C object CMakeFiles/cmTC_e80bc.dir/test_mpi.c.o
/usr/bin/cc    -o CMakeFiles/cmTC_e80bc.dir/test_mpi.c.o   -c /home/illia/.local/share/JetBrains/Toolbox/apps/CLion/ch-0/201.7223.86/bin/cmake/linux/share/cmake-3.16/Modules/FindMPI/test_mpi.c
/home/illia/.local/share/JetBrains/Toolbox/apps/CLion/ch-0/201.7223.86/bin/cmake/linux/share/cmake-3.16/Modules/FindMPI/test_mpi.c:1:10: fatal error: mpi.h: No such file or directory
 #include <mpi.h>
          ^~~~~~~
compilation terminated.
CMakeFiles/cmTC_e80bc.dir/build.make:65: recipe for target 'CMakeFiles/cmTC_e80bc.dir/test_mpi.c.o' failed
make[2]: *** [CMakeFiles/cmTC_e80bc.dir/test_mpi.c.o] Error 1
make[2]: Leaving directory '/home/illia/Documents/ONPU/multi-threading/cmake-build-debug/CMakeFiles/CMakeTmp'
Makefile:121: recipe for target 'cmTC_e80bc/fast' failed
make[1]: *** [cmTC_e80bc/fast] Error 2
make[1]: Leaving directory '/home/illia/Documents/ONPU/multi-threading/cmake-build-debug/CMakeFiles/CMakeTmp'



The MPI test test_mpi for CXX in mode normal failed to compile with the following output:
Change Dir: /home/illia/Documents/ONPU/multi-threading/cmake-build-debug/CMakeFiles/CMakeTmp

Run Build Command(s):/usr/bin/make cmTC_1e859/fast && make[1]: Entering directory '/home/illia/Documents/ONPU/multi-threading/cmake-build-debug/CMakeFiles/CMakeTmp'
/usr/bin/make -f CMakeFiles/cmTC_1e859.dir/build.make CMakeFiles/cmTC_1e859.dir/build
make[2]: Entering directory '/home/illia/Documents/ONPU/multi-threading/cmake-build-debug/CMakeFiles/CMakeTmp'
Building CXX object CMakeFiles/cmTC_1e859.dir/test_mpi.cpp.o
/usr/bin/c++    -fopenmp    -std=gnu++1z -o CMakeFiles/cmTC_1e859.dir/test_mpi.cpp.o -c /home/illia/Documents/ONPU/multi-threading/cmake-build-debug/CMakeFiles/FindMPI/test_mpi.cpp
/home/illia/Documents/ONPU/multi-threading/cmake-build-debug/CMakeFiles/FindMPI/test_mpi.cpp:1:10: fatal error: mpi.h: No such file or directory
 #include <mpi.h>
          ^~~~~~~
compilation terminated.
CMakeFiles/cmTC_1e859.dir/build.make:65: recipe for target 'CMakeFiles/cmTC_1e859.dir/test_mpi.cpp.o' failed
make[2]: *** [CMakeFiles/cmTC_1e859.dir/test_mpi.cpp.o] Error 1
make[2]: Leaving directory '/home/illia/Documents/ONPU/multi-threading/cmake-build-debug/CMakeFiles/CMakeTmp'
Makefile:121: recipe for target 'cmTC_1e859/fast' failed
make[1]: *** [cmTC_1e859/fast] Error 2
make[1]: Leaving directory '/home/illia/Documents/ONPU/multi-threading/cmake-build-debug/CMakeFiles/CMakeTmp'



The MPI test test_mpi for C in mode normal failed to compile with the following output:
Change Dir: /home/illia/Documents/ONPU/multi-threading/cmake-build-debug/CMakeFiles/CMakeTmp

Run Build Command(s):/usr/bin/make cmTC_01fe5/fast && make[1]: Entering directory '/home/illia/Documents/ONPU/multi-threading/cmake-build-debug/CMakeFiles/CMakeTmp'
/usr/bin/make -f CMakeFiles/cmTC_01fe5.dir/build.make CMakeFiles/cmTC_01fe5.dir/build
make[2]: Entering directory '/home/illia/Documents/ONPU/multi-threading/cmake-build-debug/CMakeFiles/CMakeTmp'
Building C object CMakeFiles/cmTC_01fe5.dir/test_mpi.c.o
/usr/bin/cc    -o CMakeFiles/cmTC_01fe5.dir/test_mpi.c.o   -c /home/illia/.local/share/JetBrains/Toolbox/apps/CLion/ch-0/201.7223.86/bin/cmake/linux/share/cmake-3.16/Modules/FindMPI/test_mpi.c
/home/illia/.local/share/JetBrains/Toolbox/apps/CLion/ch-0/201.7223.86/bin/cmake/linux/share/cmake-3.16/Modules/FindMPI/test_mpi.c:1:10: fatal error: mpi.h: No such file or directory
 #include <mpi.h>
          ^~~~~~~
compilation terminated.
CMakeFiles/cmTC_01fe5.dir/build.make:65: recipe for target 'CMakeFiles/cmTC_01fe5.dir/test_mpi.c.o' failed
make[2]: *** [CMakeFiles/cmTC_01fe5.dir/test_mpi.c.o] Error 1
make[2]: Leaving directory '/home/illia/Documents/ONPU/multi-threading/cmake-build-debug/CMakeFiles/CMakeTmp'
Makefile:121: recipe for target 'cmTC_01fe5/fast' failed
make[1]: *** [cmTC_01fe5/fast] Error 2
make[1]: Leaving directory '/home/illia/Documents/ONPU/multi-threading/cmake-build-debug/CMakeFiles/CMakeTmp'



The MPI test test_mpi for CXX in mode normal failed to compile with the following output:
Change Dir: /home/illia/Documents/ONPU/multi-threading/cmake-build-debug/CMakeFiles/CMakeTmp

Run Build Command(s):/usr/bin/make cmTC_c22b2/fast && make[1]: Entering directory '/home/illia/Documents/ONPU/multi-threading/cmake-build-debug/CMakeFiles/CMakeTmp'
/usr/bin/make -f CMakeFiles/cmTC_c22b2.dir/build.make CMakeFiles/cmTC_c22b2.dir/build
make[2]: Entering directory '/home/illia/Documents/ONPU/multi-threading/cmake-build-debug/CMakeFiles/CMakeTmp'
Building CXX object CMakeFiles/cmTC_c22b2.dir/test_mpi.cpp.o
/usr/bin/c++    -fopenmp    -std=gnu++1z -o CMakeFiles/cmTC_c22b2.dir/test_mpi.cpp.o -c /home/illia/Documents/ONPU/multi-threading/cmake-build-debug/CMakeFiles/FindMPI/test_mpi.cpp
/home/illia/Documents/ONPU/multi-threading/cmake-build-debug/CMakeFiles/FindMPI/test_mpi.cpp:1:10: fatal error: mpi.h: No such file or directory
 #include <mpi.h>
          ^~~~~~~
compilation terminated.
CMakeFiles/cmTC_c22b2.dir/build.make:65: recipe for target 'CMakeFiles/cmTC_c22b2.dir/test_mpi.cpp.o' failed
make[2]: *** [CMakeFiles/cmTC_c22b2.dir/test_mpi.cpp.o] Error 1
make[2]: Leaving directory '/home/illia/Documents/ONPU/multi-threading/cmake-build-debug/CMakeFiles/CMakeTmp'
Makefile:121: recipe for target 'cmTC_c22b2/fast' failed
make[1]: *** [cmTC_c22b2/fast] Error 2
make[1]: Leaving directory '/home/illia/Documents/ONPU/multi-threading/cmake-build-debug/CMakeFiles/CMakeTmp'



The MPI test test_mpi for CXX in mode normal failed to compile with the following output:
Change Dir: /home/illia/Documents/ONPU/multi-threading/cmake-build-debug/CMakeFiles/CMakeTmp

Run Build Command(s):/usr/bin/make cmTC_f0038/fast && make[1]: Entering directory '/home/illia/Documents/ONPU/multi-threading/cmake-build-debug/CMakeFiles/CMakeTmp'
/usr/bin/make -f CMakeFiles/cmTC_f0038.dir/build.make CMakeFiles/cmTC_f0038.dir/build
make[2]: Entering directory '/home/illia/Documents/ONPU/multi-threading/cmake-build-debug/CMakeFiles/CMakeTmp'
Building CXX object CMakeFiles/cmTC_f0038.dir/test_mpi.cpp.o
/usr/bin/c++   -isystem /usr/lib/x86_64-linux-gnu/openmpi/include/openmpi -isystem /usr/lib/x86_64-linux-gnu/openmpi/include/openmpi/opal/mca/event/libevent2022/libevent -isystem /usr/lib/x86_64-linux-gnu/openmpi/include/openmpi/opal/mca/event/libevent2022/libevent/include -isystem /usr/lib/x86_64-linux-gnu/openmpi/include  -fopenmp -np 4    -pthread -std=gnu++1z -o CMakeFiles/cmTC_f0038.dir/test_mpi.cpp.o -c /home/illia/Documents/ONPU/multi-threading/cmake-build-debug/CMakeFiles/FindMPI/test_mpi.cpp
c++: error: 4: No such file or directory
c++: error: unrecognized command line option -np; did you mean -n?
CMakeFiles/cmTC_f0038.dir/build.make:65: recipe for target 'CMakeFiles/cmTC_f0038.dir/test_mpi.cpp.o' failed
make[2]: *** [CMakeFiles/cmTC_f0038.dir/test_mpi.cpp.o] Error 1
make[2]: Leaving directory '/home/illia/Documents/ONPU/multi-threading/cmake-build-debug/CMakeFiles/CMakeTmp'
Makefile:121: recipe for target 'cmTC_f0038/fast' failed
make[1]: *** [cmTC_f0038/fast] Error 2
make[1]: Leaving directory '/home/illia/Documents/ONPU/multi-threading/cmake-build-debug/CMakeFiles/CMakeTmp'



The MPI test test_mpi for CXX in mode normal failed to compile with the following output:
Change Dir: /home/illia/Documents/ONPU/multi-threading/cmake-build-debug/CMakeFiles/CMakeTmp

Run Build Command(s):/usr/bin/make cmTC_ea4e0/fast && /usr/bin/make -f CMakeFiles/cmTC_ea4e0.dir/build.make CMakeFiles/cmTC_ea4e0.dir/build
make[1]: Entering directory '/home/illia/Documents/ONPU/multi-threading/cmake-build-debug/CMakeFiles/CMakeTmp'
Building CXX object CMakeFiles/cmTC_ea4e0.dir/test_mpi.cpp.o
/usr/bin/c++   -isystem /usr/lib/x86_64-linux-gnu/openmpi/include/openmpi -isystem /usr/lib/x86_64-linux-gnu/openmpi/include/openmpi/opal/mca/event/libevent2022/libevent -isystem /usr/lib/x86_64-linux-gnu/openmpi/include/openmpi/opal/mca/event/libevent2022/libevent/include -isystem /usr/lib/x86_64-linux-gnu/openmpi/include  -fopenmp -np 4    -pthread -std=gnu++1z -o CMakeFiles/cmTC_ea4e0.dir/test_mpi.cpp.o -c /home/illia/Documents/ONPU/multi-threading/cmake-build-debug/CMakeFiles/FindMPI/test_mpi.cpp
c++: error: 4: No such file or directory
c++: error: unrecognized command line option -np; did you mean -n?
CMakeFiles/cmTC_ea4e0.dir/build.make:65: recipe for target 'CMakeFiles/cmTC_ea4e0.dir/test_mpi.cpp.o' failed
make[1]: *** [CMakeFiles/cmTC_ea4e0.dir/test_mpi.cpp.o] Error 1
make[1]: Leaving directory '/home/illia/Documents/ONPU/multi-threading/cmake-build-debug/CMakeFiles/CMakeTmp'
Makefile:121: recipe for target 'cmTC_ea4e0/fast' failed
make: *** [cmTC_ea4e0/fast] Error 2



The MPI test test_mpi for CXX in mode normal failed to compile with the following output:
Change Dir: /home/illia/Documents/ONPU/multi-threading/cmake-build-debug/CMakeFiles/CMakeTmp

Run Build Command(s):/usr/bin/make cmTC_c5108/fast && make[1]: Entering directory '/home/illia/Documents/ONPU/multi-threading/cmake-build-debug/CMakeFiles/CMakeTmp'
/usr/bin/make -f CMakeFiles/cmTC_c5108.dir/build.make CMakeFiles/cmTC_c5108.dir/build
make[2]: Entering directory '/home/illia/Documents/ONPU/multi-threading/cmake-build-debug/CMakeFiles/CMakeTmp'
Building CXX object CMakeFiles/cmTC_c5108.dir/test_mpi.cpp.o
/usr/bin/c++   -isystem /usr/lib/x86_64-linux-gnu/openmpi/include/openmpi -isystem /usr/lib/x86_64-linux-gnu/openmpi/include/openmpi/opal/mca/event/libevent2022/libevent -isystem /usr/lib/x86_64-linux-gnu/openmpi/include/openmpi/opal/mca/event/libevent2022/libevent/include -isystem /usr/lib/x86_64-linux-gnu/openmpi/include  -fopenmp -np 4    -pthread -std=gnu++1z -o CMakeFiles/cmTC_c5108.dir/test_mpi.cpp.o -c /home/illia/Documents/ONPU/multi-threading/cmake-build-debug/CMakeFiles/FindMPI/test_mpi.cpp
c++: error: 4: No such file or directory
c++: error: unrecognized command line option -np; did you mean -n?
CMakeFiles/cmTC_c5108.dir/build.make:65: recipe for target 'CMakeFiles/cmTC_c5108.dir/test_mpi.cpp.o' failed
make[2]: *** [CMakeFiles/cmTC_c5108.dir/test_mpi.cpp.o] Error 1
make[2]: Leaving directory '/home/illia/Documents/ONPU/multi-threading/cmake-build-debug/CMakeFiles/CMakeTmp'
Makefile:121: recipe for target 'cmTC_c5108/fast' failed
make[1]: *** [cmTC_c5108/fast] Error 2
make[1]: Leaving directory '/home/illia/Documents/ONPU/multi-threading/cmake-build-debug/CMakeFiles/CMakeTmp'



The MPI test test_mpi for CXX in mode normal failed to compile with the following output:
Change Dir: /home/illia/Documents/ONPU/multi-threading/cmake-build-debug/CMakeFiles/CMakeTmp

Run Build Command(s):/usr/bin/make cmTC_d2fb7/fast && make[1]: Entering directory '/home/illia/Documents/ONPU/multi-threading/cmake-build-debug/CMakeFiles/CMakeTmp'
/usr/bin/make -f CMakeFiles/cmTC_d2fb7.dir/build.make CMakeFiles/cmTC_d2fb7.dir/build
make[2]: Entering directory '/home/illia/Documents/ONPU/multi-threading/cmake-build-debug/CMakeFiles/CMakeTmp'
Building CXX object CMakeFiles/cmTC_d2fb7.dir/test_mpi.cpp.o
/usr/bin/c++   -isystem /usr/lib/x86_64-linux-gnu/openmpi/include/openmpi -isystem /usr/lib/x86_64-linux-gnu/openmpi/include/openmpi/opal/mca/event/libevent2022/libevent -isystem /usr/lib/x86_64-linux-gnu/openmpi/include/openmpi/opal/mca/event/libevent2022/libevent/include -isystem /usr/lib/x86_64-linux-gnu/openmpi/include  -fopenmp -np4    -pthread -std=gnu++1z -o CMakeFiles/cmTC_d2fb7.dir/test_mpi.cpp.o -c /home/illia/Documents/ONPU/multi-threading/cmake-build-debug/CMakeFiles/FindMPI/test_mpi.cpp
c++: error: unrecognized command line option -np4
CMakeFiles/cmTC_d2fb7.dir/build.make:65: recipe for target 'CMakeFiles/cmTC_d2fb7.dir/test_mpi.cpp.o' failed
make[2]: *** [CMakeFiles/cmTC_d2fb7.dir/test_mpi.cpp.o] Error 1
make[2]: Leaving directory '/home/illia/Documents/ONPU/multi-threading/cmake-build-debug/CMakeFiles/CMakeTmp'
Makefile:121: recipe for target 'cmTC_d2fb7/fast' failed
make[1]: *** [cmTC_d2fb7/fast] Error 2
make[1]: Leaving directory '/home/illia/Documents/ONPU/multi-threading/cmake-build-debug/CMakeFiles/CMakeTmp'



The MPI test test_mpi for CXX in mode normal failed to compile with the following output:
Change Dir: /home/illia/Documents/ONPU/multi-threading/cmake-build-debug/CMakeFiles/CMakeTmp

Run Build Command(s):/usr/bin/make cmTC_396e7/fast && make[1]: Entering directory '/home/illia/Documents/ONPU/multi-threading/cmake-build-debug/CMakeFiles/CMakeTmp'
/usr/bin/make -f CMakeFiles/cmTC_396e7.dir/build.make CMakeFiles/cmTC_396e7.dir/build
make[2]: Entering directory '/home/illia/Documents/ONPU/multi-threading/cmake-build-debug/CMakeFiles/CMakeTmp'
Building CXX object CMakeFiles/cmTC_396e7.dir/test_mpi.cpp.o
/usr/bin/c++   -isystem /usr/lib/x86_64-linux-gnu/openmpi/include/openmpi -isystem /usr/lib/x86_64-linux-gnu/openmpi/include/openmpi/opal/mca/event/libevent2022/libevent -isystem /usr/lib/x86_64-linux-gnu/openmpi/include/openmpi/opal/mca/event/libevent2022/libevent/include -isystem /usr/lib/x86_64-linux-gnu/openmpi/include  -fopenmp -np 4    -pthread -std=gnu++1z -o CMakeFiles/cmTC_396e7.dir/test_mpi.cpp.o -c /home/illia/Documents/ONPU/multi-threading/cmake-build-debug/CMakeFiles/FindMPI/test_mpi.cpp
c++: error: 4: No such file or directory
c++: error: unrecognized command line option -np; did you mean -n?
CMakeFiles/cmTC_396e7.dir/build.make:65: recipe for target 'CMakeFiles/cmTC_396e7.dir/test_mpi.cpp.o' failed
make[2]: *** [CMakeFiles/cmTC_396e7.dir/test_mpi.cpp.o] Error 1
make[2]: Leaving directory '/home/illia/Documents/ONPU/multi-threading/cmake-build-debug/CMakeFiles/CMakeTmp'
Makefile:121: recipe for target 'cmTC_396e7/fast' failed
make[1]: *** [cmTC_396e7/fast] Error 2
make[1]: Leaving directory '/home/illia/Documents/ONPU/multi-threading/cmake-build-debug/CMakeFiles/CMakeTmp'



The MPI test test_mpi for CXX in mode normal failed to compile with the following output:
Change Dir: /home/illia/Documents/ONPU/multi-threading/cmake-build-debug/CMakeFiles/CMakeTmp

Run Build Command(s):/usr/bin/make cmTC_40767/fast && make[1]: Entering directory '/home/illia/Documents/ONPU/multi-threading/cmake-build-debug/CMakeFiles/CMakeTmp'
/usr/bin/make -f CMakeFiles/cmTC_40767.dir/build.make CMakeFiles/cmTC_40767.dir/build
make[2]: Entering directory '/home/illia/Documents/ONPU/multi-threading/cmake-build-debug/CMakeFiles/CMakeTmp'
Building CXX object CMakeFiles/cmTC_40767.dir/test_mpi.cpp.o
/usr/bin/c++   -isystem /usr/lib/x86_64-linux-gnu/openmpi/include/openmpi -isystem /usr/lib/x86_64-linux-gnu/openmpi/include/openmpi/opal/mca/event/libevent2022/libevent -isystem /usr/lib/x86_64-linux-gnu/openmpi/include/openmpi/opal/mca/event/libevent2022/libevent/include -isystem /usr/lib/x86_64-linux-gnu/openmpi/include  -fopenmp -np 4    -pthread -std=gnu++1z -o CMakeFiles/cmTC_40767.dir/test_mpi.cpp.o -c /home/illia/Documents/ONPU/multi-threading/cmake-build-debug/CMakeFiles/FindMPI/test_mpi.cpp
c++: error: 4: No such file or directory
c++: error: unrecognized command line option -np; did you mean -n?
CMakeFiles/cmTC_40767.dir/build.make:65: recipe for target 'CMakeFiles/cmTC_40767.dir/test_mpi.cpp.o' failed
make[2]: *** [CMakeFiles/cmTC_40767.dir/test_mpi.cpp.o] Error 1
make[2]: Leaving directory '/home/illia/Documents/ONPU/multi-threading/cmake-build-debug/CMakeFiles/CMakeTmp'
Makefile:121: recipe for target 'cmTC_40767/fast' failed
make[1]: *** [cmTC_40767/fast] Error 2
make[1]: Leaving directory '/home/illia/Documents/ONPU/multi-threading/cmake-build-debug/CMakeFiles/CMakeTmp'



